<?xml version="1.0" encoding="UTF-8"?>
<!-- Generated by org.testng.reporters.JUnitReportReporter -->
<testsuite hostname="Mugunth-DESKTOP-8V8CNVQ" failures="0" tests="8" name="com.eagle.TestCases.InvestigationTest" time="301.865" errors="0" timestamp="2021-12-16T18:50:33 IST" skipped="0">
  <testcase classname="com.eagle.TestCases.InvestigationTest" name="CreateInvestigation_Test" time="1.232"/>
  <system-out/>
  <testcase classname="com.eagle.TestCases.InvestigationTest" name="ViewInvestigation_Test" time="95.140"/>
  <system-out/>
  <testcase classname="com.eagle.TestCases.InvestigationTest" name="EditInvestigation_Test" time="0.080"/>
  <system-out/>
  <testcase classname="com.eagle.TestCases.InvestigationTest" name="LinkSetWithInvestigation_Test" time="33.198"/>
  <system-out/>
  <testcase classname="com.eagle.TestCases.InvestigationTest" name="LinkExplorationWithInvestigation_Test" time="45.457"/>
  <system-out/>
  <testcase classname="com.eagle.TestCases.InvestigationTest" name="LinkComparisonWithInvestigation_Test" time="122.769"/>
  <system-out/>
  <testcase classname="com.eagle.TestCases.InvestigationTest" name="ShareInvestigation_Test" time="0.071"/>
  <system-out/>
  <testcase classname="com.eagle.TestCases.InvestigationTest" name="DeleteInvestigation_Test" time="3.918"/>
  <system-out/>
</testsuite> <!-- com.eagle.TestCases.InvestigationTest -->
