<?xml version="1.0" encoding="UTF-8"?>
<!-- Generated by org.testng.reporters.JUnitReportReporter -->
<testsuite hostname="Mugunth-DESKTOP-8V8CNVQ" failures="0" tests="1" name="com.eagle.TestCases.ComparisonTest" time="98.594" errors="0" timestamp="2021-12-02T19:11:51 IST" skipped="0">
  <testcase classname="com.eagle.TestCases.ComparisonTest" name="RemoveItemsfromComparison_Test" time="98.594"/>
  <system-out/>
</testsuite> <!-- com.eagle.TestCases.ComparisonTest -->
