<?xml version="1.0" encoding="UTF-8"?>
<!-- Generated by org.testng.reporters.JUnitReportReporter -->
<testsuite hostname="Mugunth-DESKTOP-8V8CNVQ" failures="0" tests="1" name="com.eagle.TestCases.ComparisonTest" time="148.232" errors="0" timestamp="2021-12-02T14:51:03 IST" skipped="0">
  <testcase classname="com.eagle.TestCases.ComparisonTest" name="SortColumnComparison_Test" time="148.232"/>
  <system-out/>
</testsuite> <!-- com.eagle.TestCases.ComparisonTest -->
