<?xml version="1.0" encoding="UTF-8"?>
<!-- Generated by org.testng.reporters.JUnitReportReporter -->
<testsuite hostname="Mugunth-DESKTOP-8V8CNVQ" failures="0" tests="18" name="com.eagle.TestCases.SetTest" time="1512.263" errors="0" timestamp="2021-12-22T14:29:22 IST" skipped="0">
  <testcase classname="com.eagle.TestCases.SetTest" name="CreateSet_Test" time="29.100"/>
  <system-out/>
  <testcase classname="com.eagle.TestCases.SetTest" name="ViewSet_Test" time="1.564"/>
  <system-out/>
  <testcase classname="com.eagle.TestCases.SetTest" name="CreateSetFromFile_Test" time="19.117"/>
  <system-out/>
  <testcase classname="com.eagle.TestCases.SetTest" name="CreateSetFromSet_Test" time="49.104"/>
  <system-out/>
  <testcase classname="com.eagle.TestCases.SetTest" name="SearchInSetExpand_Test" time="122.610"/>
  <system-out/>
  <testcase classname="com.eagle.TestCases.SetTest" name="SetExpandAddFromCatalog_Test" time="273.244"/>
  <system-out/>
  <testcase classname="com.eagle.TestCases.SetTest" name="SetExpandAddFromSet_Test" time="180.698"/>
  <system-out/>
  <testcase classname="com.eagle.TestCases.SetTest" name="SetExpandAddFromFile_Test" time="157.055"/>
  <system-out/>
  <testcase classname="com.eagle.TestCases.SetTest" name="DeleteCardInSetExpand_Test" time="47.858"/>
  <system-out/>
  <testcase classname="com.eagle.TestCases.SetTest" name="RemoveItemsfromSet_Test" time="63.507"/>
  <system-out/>
  <testcase classname="com.eagle.TestCases.SetTest" name="GridChangesInSet_Test" time="61.237"/>
  <system-out/>
  <testcase classname="com.eagle.TestCases.SetTest" name="CreateAndDeleteSet_Test" time="33.758"/>
  <system-out/>
  <testcase classname="com.eagle.TestCases.SetTest" name="CreateAndShareSet_Test" time="44.925"/>
  <system-out/>
  <testcase classname="com.eagle.TestCases.SetTest" name="DeleteSet_Test" time="5.674"/>
  <system-out/>
  <testcase classname="com.eagle.TestCases.SetTest" name="ShareSet_Test" time="6.001"/>
  <system-out/>
  <testcase classname="com.eagle.TestCases.SetTest" name="SortColumnSet_Test" time="91.855"/>
  <system-out/>
  <testcase classname="com.eagle.TestCases.SetTest" name="FilterSet_Test" time="130.808"/>
  <system-out/>
  <testcase classname="com.eagle.TestCases.SetTest" name="FilterMultiSet_Test" time="194.148"/>
  <system-out/>
</testsuite> <!-- com.eagle.TestCases.SetTest -->
