<?xml version="1.0" encoding="UTF-8"?>
<!-- Generated by org.testng.reporters.JUnitReportReporter -->
<testsuite hostname="QA-team" failures="0" tests="16" name="com.eagle.TestCases.AnalysisTest" time="929.243" errors="0" timestamp="2022-04-26T08:45:40 UTC" skipped="0">
  <testcase classname="com.eagle.TestCases.AnalysisTest" name="CreateAnalysis_Test" time="14.511"/>
  <system-out/>
  <testcase classname="com.eagle.TestCases.AnalysisTest" name="CreateAnalysisMandatoryCheck_Test" time="6.996"/>
  <system-out/>
  <testcase classname="com.eagle.TestCases.AnalysisTest" name="AnalysisNameAndDescEditInList_Test" time="19.060"/>
  <system-out/>
  <testcase classname="com.eagle.TestCases.AnalysisTest" name="AnalysisNameAndDescEditInPage_Test" time="91.177"/>
  <system-out/>
  <testcase classname="com.eagle.TestCases.AnalysisTest" name="CreateAndDeleteAnalysis_Test" time="14.227"/>
  <system-out/>
  <testcase classname="com.eagle.TestCases.AnalysisTest" name="VerifyGraphCanvas_Test" time="14.354"/>
  <system-out/>
  <testcase classname="com.eagle.TestCases.AnalysisTest" name="VerifyResizingOfGraph_Test" time="15.239"/>
  <system-out/>
  <testcase classname="com.eagle.TestCases.AnalysisTest" name="EntitiesAndFeatureSelectionVerificationInGraph_Test" time="58.717"/>
  <system-out/>
  <testcase classname="com.eagle.TestCases.AnalysisTest" name="PlotWithOneNumericalFeature_Test" time="87.042"/>
  <system-out/>
  <testcase classname="com.eagle.TestCases.AnalysisTest" name="PlotWithOneCategoricalFeature_Test" time="77.555"/>
  <system-out/>
  <testcase classname="com.eagle.TestCases.AnalysisTest" name="PlotWithOneCategoricalandOneNumericalFeature_Test" time="84.772"/>
  <system-out/>
  <testcase classname="com.eagle.TestCases.AnalysisTest" name="PlotWithTwoNumericalFeature_Test" time="73.976"/>
  <system-out/>
  <testcase classname="com.eagle.TestCases.AnalysisTest" name="PlotWithTwoCategoricalFeature_Test" time="111.036"/>
  <system-out/>
  <testcase classname="com.eagle.TestCases.AnalysisTest" name="PlotWithTwoNumericalandOneCategoricalFeatures_Test" time="92.238"/>
  <system-out/>
  <testcase classname="com.eagle.TestCases.AnalysisTest" name="PlotWithThreeNumericalFeatures_Test" time="76.864"/>
  <system-out/>
  <testcase classname="com.eagle.TestCases.AnalysisTest" name="PlotWithThreeNumericalandOneCategoricalFeatures_Test" time="91.479"/>
  <system-out/>
</testsuite> <!-- com.eagle.TestCases.AnalysisTest -->
