<?xml version="1.0" encoding="UTF-8"?>
<!-- Generated by org.testng.reporters.JUnitReportReporter -->
<testsuite hostname="Divya-Devanathan" failures="0" tests="1" name="com.eagle.TestCases.LoginTest" time="17.161" errors="0" timestamp="2021-09-13T17:00:39 IST" skipped="0">
  <testcase classname="com.eagle.TestCases.LoginTest" name="test_Login_Correct" time="17.161"/>
  <system-out/>
</testsuite> <!-- com.eagle.TestCases.LoginTest -->
