<?xml version="1.0" encoding="UTF-8"?>
<!-- Generated by org.testng.reporters.JUnitReportReporter -->
<testsuite hostname="Divya-Devanathan" failures="0" tests="1" name="com.eagle.TestCases.LoginTest" time="27.800" errors="0" timestamp="2021-12-10T13:20:22 IST" skipped="0">
  <testcase classname="com.eagle.TestCases.LoginTest" name="VerifyLoginPage_Test" time="27.800"/>
  <system-out/>
</testsuite> <!-- com.eagle.TestCases.LoginTest -->
