<?xml version="1.0" encoding="UTF-8"?>
<!-- Generated by org.testng.reporters.JUnitReportReporter -->
<testsuite hostname="Mugunth-DESKTOP-8V8CNVQ" failures="0" tests="1" name="com.eagle.TestCases.SetTest" time="111.611" errors="0" timestamp="2021-12-02T14:10:29 IST" skipped="0">
  <testcase classname="com.eagle.TestCases.SetTest" name="SortColumnSet_Test" time="111.611"/>
  <system-out/>
</testsuite> <!-- com.eagle.TestCases.SetTest -->
