<?xml version="1.0" encoding="UTF-8"?>
<!-- Generated by org.testng.reporters.JUnitReportReporter -->
<testsuite hostname="Mugunth-DESKTOP-8V8CNVQ" failures="0" tests="6" name="com.eagle.TestCases.ExplorationTest" time="457.139" errors="0" timestamp="2021-12-16T20:20:57 IST" skipped="0">
  <testcase classname="com.eagle.TestCases.ExplorationTest" name="DeleteExplorationSecondCard_Test" time="36.027"/>
  <system-out/>
  <testcase classname="com.eagle.TestCases.ExplorationTest" name="ExplorationCreateARelationCard_Test" time="36.906"/>
  <system-out/>
  <testcase classname="com.eagle.TestCases.ExplorationTest" name="ExplorationCreateTwoRelationCard_Test" time="36.824"/>
  <system-out/>
  <testcase classname="com.eagle.TestCases.ExplorationTest" name="CreateAndShareExploration_Test" time="66.609"/>
  <system-out/>
  <testcase classname="com.eagle.TestCases.ExplorationTest" name="FilterExploration_Test" time="137.822"/>
  <system-out/>
  <testcase classname="com.eagle.TestCases.ExplorationTest" name="FilterMultiExploration_Test" time="142.951"/>
  <system-out/>
</testsuite> <!-- com.eagle.TestCases.ExplorationTest -->
