<?xml version="1.0" encoding="UTF-8"?>
<!-- Generated by org.testng.reporters.JUnitReportReporter -->
<testsuite hostname="Mugunth-DESKTOP-8V8CNVQ" failures="0" tests="2" name="com.eagle.TestCases.ComparisonTest" time="183.189" errors="0" timestamp="2021-11-19T22:23:59 IST" skipped="0">
  <testcase classname="com.eagle.TestCases.ComparisonTest" name="DeleteComparisonFirstCard_Test" time="75.463"/>
  <system-out/>
  <testcase classname="com.eagle.TestCases.ComparisonTest" name="DeleteComparisonSecondCard_Test" time="107.726"/>
  <system-out/>
</testsuite> <!-- com.eagle.TestCases.ComparisonTest -->
