<?xml version="1.0" encoding="UTF-8"?>
<!-- Generated by org.testng.reporters.JUnitReportReporter -->
<testsuite hostname="Mugunth-DESKTOP-8V8CNVQ" failures="0" tests="7" name="com.eagle.TestCases.SetTest" time="1349.368" errors="0" timestamp="2021-11-26T16:14:46 IST" skipped="0">
  <testcase classname="com.eagle.TestCases.SetTest" name="SearchInSetExpand_Test" time="117.882"/>
  <system-out/>
  <testcase classname="com.eagle.TestCases.SetTest" name="SetExpandAddFromCatalog_Test" time="194.379"/>
  <system-out/>
  <testcase classname="com.eagle.TestCases.SetTest" name="SetExpandAddFromSet_Test" time="265.513"/>
  <system-out/>
  <testcase classname="com.eagle.TestCases.SetTest" name="SetExpandAddFromFile_Test" time="207.200"/>
  <system-out/>
  <testcase classname="com.eagle.TestCases.SetTest" name="DeleteCardInSetExpand_Test" time="243.308"/>
  <system-out/>
  <testcase classname="com.eagle.TestCases.SetTest" name="RemoveItemsfromSet_Test" time="201.802"/>
  <system-out/>
  <testcase classname="com.eagle.TestCases.SetTest" name="GridChangesInSet_Test" time="119.284"/>
  <system-out/>
</testsuite> <!-- com.eagle.TestCases.SetTest -->
