<?xml version="1.0" encoding="UTF-8"?>
<!-- Generated by org.testng.reporters.JUnitReportReporter -->
<testsuite hostname="Mugunth-DESKTOP-8V8CNVQ" failures="0" tests="9" name="com.eagle.TestCases.HomeTest" time="28.820" errors="0" timestamp="2022-01-11T18:03:30 IST" skipped="0">
  <testcase classname="com.eagle.TestCases.HomeTest" name="VerifyLogoVisibility_Test" time="0.045"/>
  <system-out/>
  <testcase classname="com.eagle.TestCases.HomeTest" name="VerifyDashboard_Test" time="0.119"/>
  <system-out/>
  <testcase classname="com.eagle.TestCases.HomeTest" name="VerifyUserProfile" time="0.588"/>
  <system-out/>
  <testcase classname="com.eagle.TestCases.HomeTest" name="VerifyCopyRights" time="0.075"/>
  <system-out/>
  <testcase classname="com.eagle.TestCases.HomeTest" name="CreateGlobalSearch_Test" time="4.508"/>
  <system-out/>
  <testcase classname="com.eagle.TestCases.HomeTest" name="VerifySavedSearches_Test" time="4.359"/>
  <system-out/>
  <testcase classname="com.eagle.TestCases.HomeTest" name="VerifyContactHelpDesk_Test" time="18.235"/>
  <system-out/>
  <testcase classname="com.eagle.TestCases.HomeTest" name="VerifyUserManual_Test" time="0.582"/>
  <system-out/>
  <testcase classname="com.eagle.TestCases.HomeTest" name="VerifyFAQ_Test" time="0.309"/>
  <system-out/>
</testsuite> <!-- com.eagle.TestCases.HomeTest -->
