<?xml version="1.0" encoding="UTF-8"?>
<!-- Generated by org.testng.reporters.JUnitReportReporter -->
<testsuite hostname="QA-team" failures="0" tests="1" name="com.eagle.TestCases.LogoutTest" time="3.427" errors="0" timestamp="2022-04-23T09:29:44 UTC" skipped="0">
  <testcase classname="com.eagle.TestCases.LogoutTest" name="VerifyLogout_Test" time="3.427"/>
  <system-out/>
</testsuite> <!-- com.eagle.TestCases.LogoutTest -->
