<?xml version="1.0" encoding="UTF-8"?>
<!-- Generated by org.testng.reporters.JUnitReportReporter -->
<testsuite hostname="Mugunth-DESKTOP-8V8CNVQ" failures="0" tests="1" name="com.eagle.TestCases.ExplorationTest" time="77.541" errors="0" timestamp="2021-12-02T19:11:51 IST" skipped="0">
  <testcase classname="com.eagle.TestCases.ExplorationTest" name="RemoveItemsfromExploration_Test" time="77.541"/>
  <system-out/>
</testsuite> <!-- com.eagle.TestCases.ExplorationTest -->
