<?xml version="1.0" encoding="UTF-8"?>
<!-- Generated by org.testng.reporters.JUnitReportReporter -->
<testsuite hostname="Mugunth-DESKTOP-8V8CNVQ" failures="0" tests="18" name="com.eagle.TestCases.SetTest" time="1365.860" errors="0" timestamp="2022-01-06T14:23:20 IST" skipped="0">
  <testcase classname="com.eagle.TestCases.SetTest" name="CreateSet_Test" time="34.589"/>
  <system-out/>
  <testcase classname="com.eagle.TestCases.SetTest" name="ViewSet_Test" time="4.159"/>
  <system-out/>
  <testcase classname="com.eagle.TestCases.SetTest" name="CreateSetFromFile_Test" time="21.317"/>
  <system-out/>
  <testcase classname="com.eagle.TestCases.SetTest" name="CreateSetFromSet_Test" time="62.539"/>
  <system-out/>
  <testcase classname="com.eagle.TestCases.SetTest" name="SearchInSetExpand_Test" time="87.698"/>
  <system-out/>
  <testcase classname="com.eagle.TestCases.SetTest" name="SetExpandAddFromCatalog_Test" time="270.933"/>
  <system-out/>
  <testcase classname="com.eagle.TestCases.SetTest" name="SetExpandAddFromSet_Test" time="161.993"/>
  <system-out/>
  <testcase classname="com.eagle.TestCases.SetTest" name="SetExpandAddFromFile_Test" time="142.685"/>
  <system-out/>
  <testcase classname="com.eagle.TestCases.SetTest" name="DeleteCardInSetExpand_Test" time="63.928"/>
  <system-out/>
  <testcase classname="com.eagle.TestCases.SetTest" name="RemoveItemsfromSet_Test" time="52.866"/>
  <system-out/>
  <testcase classname="com.eagle.TestCases.SetTest" name="GridChangesInSet_Test" time="72.593"/>
  <system-out/>
  <testcase classname="com.eagle.TestCases.SetTest" name="CreateAndDeleteSet_Test" time="39.077"/>
  <system-out/>
  <testcase classname="com.eagle.TestCases.SetTest" name="CreateAndShareSet_Test" time="55.591"/>
  <system-out/>
  <testcase classname="com.eagle.TestCases.SetTest" name="DeleteSet_Test" time="4.982"/>
  <system-out/>
  <testcase classname="com.eagle.TestCases.SetTest" name="ShareSet_Test" time="7.231"/>
  <system-out/>
  <testcase classname="com.eagle.TestCases.SetTest" name="SortColumnSet_Test" time="63.906"/>
  <system-out/>
  <testcase classname="com.eagle.TestCases.SetTest" name="FilterSet_Test" time="93.907"/>
  <system-out/>
  <testcase classname="com.eagle.TestCases.SetTest" name="FilterMultiSet_Test" time="125.866"/>
  <system-out/>
</testsuite> <!-- com.eagle.TestCases.SetTest -->
