<?xml version="1.0" encoding="UTF-8"?>
<!-- Generated by org.testng.reporters.JUnitReportReporter -->
<testsuite hostname="Mugunth-DESKTOP-8V8CNVQ" failures="0" tests="1" name="com.eagle.TestCases.ComparisonTest" time="183.627" errors="0" timestamp="2021-11-22T22:38:53 IST" skipped="0">
  <testcase classname="com.eagle.TestCases.ComparisonTest" name="ComparisonCreateMultipleCaseCardsRunComparison_Test" time="183.627"/>
  <system-out/>
</testsuite> <!-- com.eagle.TestCases.ComparisonTest -->
