<?xml version="1.0" encoding="UTF-8"?>
<!-- Generated by org.testng.reporters.JUnitReportReporter -->
<testsuite hostname="Mugunth-DESKTOP-8V8CNVQ" failures="0" tests="8" name="com.eagle.TestCases.InvestigationTest" time="5.673" errors="0" timestamp="2021-12-15T12:43:50 IST" skipped="0">
  <testcase classname="com.eagle.TestCases.InvestigationTest" name="CreateInvestigation_Test" time="1.286"/>
  <system-out/>
  <testcase classname="com.eagle.TestCases.InvestigationTest" name="ViewInvestigation_Test" time="0.105"/>
  <system-out/>
  <testcase classname="com.eagle.TestCases.InvestigationTest" name="EditInvestigation_Test" time="0.101"/>
  <system-out/>
  <testcase classname="com.eagle.TestCases.InvestigationTest" name="LinkSetWithInvestigation_Test" time="0.102"/>
  <system-out/>
  <testcase classname="com.eagle.TestCases.InvestigationTest" name="LinkExplorationWithInvestigation_Test" time="0.113"/>
  <system-out/>
  <testcase classname="com.eagle.TestCases.InvestigationTest" name="LinkComparisonWithInvestigation_Test" time="0.081"/>
  <system-out/>
  <testcase classname="com.eagle.TestCases.InvestigationTest" name="ShareInvestigation_Test" time="0.064"/>
  <system-out/>
  <testcase classname="com.eagle.TestCases.InvestigationTest" name="DeleteInvestigation_Test" time="3.821"/>
  <system-out/>
</testsuite> <!-- com.eagle.TestCases.InvestigationTest -->
