<?xml version="1.0" encoding="UTF-8"?>
<!-- Generated by org.testng.reporters.JUnitReportReporter -->
<testsuite hostname="Divya-Devanathan" failures="0" tests="8" name="com.eagle.TestCases.InvestigationTest" time="38.528" errors="0" timestamp="2021-12-10T13:20:22 IST" skipped="0">
  <testcase classname="com.eagle.TestCases.InvestigationTest" name="CreateInvestigation_Test" time="1.909"/>
  <system-out/>
  <testcase classname="com.eagle.TestCases.InvestigationTest" name="ViewInvestigation_Test" time="4.029"/>
  <system-out/>
  <testcase classname="com.eagle.TestCases.InvestigationTest" name="EditInvestigation_Test" time="4.897"/>
  <system-out/>
  <testcase classname="com.eagle.TestCases.InvestigationTest" name="LinkSetWithInvestigation_Test" time="4.513"/>
  <system-out/>
  <testcase classname="com.eagle.TestCases.InvestigationTest" name="LinkExplorationWithInvestigation_Test" time="0.001"/>
  <system-out/>
  <testcase classname="com.eagle.TestCases.InvestigationTest" name="LinkComparisonWithInvestigation_Test" time="8.232"/>
  <system-out/>
  <testcase classname="com.eagle.TestCases.InvestigationTest" name="ShareInvestigation_Test" time="11.750"/>
  <system-out/>
  <testcase classname="com.eagle.TestCases.InvestigationTest" name="DeleteInvestigation_Test" time="3.197"/>
  <system-out/>
</testsuite> <!-- com.eagle.TestCases.InvestigationTest -->
