<?xml version="1.0" encoding="UTF-8"?>
<!-- Generated by org.testng.reporters.JUnitReportReporter -->
<testsuite hostname="Mugunth-DESKTOP-8V8CNVQ" failures="0" tests="2" name="com.eagle.TestCases.AnalysisTest" time="9.923" errors="0" timestamp="2022-02-04T12:23:31 IST" skipped="0">
  <testcase classname="com.eagle.TestCases.AnalysisTest" name="AnalysisNameAndDescEditInList_Test" time="5.941"/>
  <system-out/>
  <testcase classname="com.eagle.TestCases.AnalysisTest" name="CreateAndDeleteAnalysis_Test" time="3.982"/>
  <system-out/>
</testsuite> <!-- com.eagle.TestCases.AnalysisTest -->
