<?xml version="1.0" encoding="UTF-8"?>
<!-- Generated by org.testng.reporters.JUnitReportReporter -->
<testsuite hostname="QA-team" failures="0" tests="8" name="com.eagle.TestCases.InvestigationTest" time="105.932" errors="0" timestamp="2022-04-23T09:29:44 UTC" skipped="0">
  <testcase classname="com.eagle.TestCases.InvestigationTest" name="CreateInvestigation_Test" time="1.414"/>
  <system-out/>
  <testcase classname="com.eagle.TestCases.InvestigationTest" name="ViewInvestigation_Test" time="1.533"/>
  <system-out/>
  <testcase classname="com.eagle.TestCases.InvestigationTest" name="EditInvestigation_Test" time="4.123"/>
  <system-out/>
  <testcase classname="com.eagle.TestCases.InvestigationTest" name="LinkSetWithInvestigation_Test" time="25.825"/>
  <system-out/>
  <testcase classname="com.eagle.TestCases.InvestigationTest" name="LinkExplorationWithInvestigation_Test" time="25.848"/>
  <system-out/>
  <testcase classname="com.eagle.TestCases.InvestigationTest" name="LinkComparisonWithInvestigation_Test" time="29.331"/>
  <system-out/>
  <testcase classname="com.eagle.TestCases.InvestigationTest" name="ShareInvestigation_Test" time="15.078"/>
  <system-out/>
  <testcase classname="com.eagle.TestCases.InvestigationTest" name="DeleteInvestigation_Test" time="2.780"/>
  <system-out/>
</testsuite> <!-- com.eagle.TestCases.InvestigationTest -->
