<?xml version="1.0" encoding="UTF-8"?>
<!-- Generated by org.testng.reporters.JUnitReportReporter -->
<testsuite hostname="Mugunth-DESKTOP-8V8CNVQ" failures="0" tests="1" name="com.eagle.TestCases.LogoutTest" time="10.109" errors="0" timestamp="2022-02-10T13:14:25 IST" skipped="0">
  <testcase classname="com.eagle.TestCases.LogoutTest" name="VerifyLogout_Test" time="10.109"/>
  <system-out/>
</testsuite> <!-- com.eagle.TestCases.LogoutTest -->
