<?xml version="1.0" encoding="UTF-8"?>
<!-- Generated by org.testng.reporters.JUnitReportReporter -->
<testsuite hostname="Mugunth-DESKTOP-8V8CNVQ" failures="0" tests="1" name="com.eagle.TestCases.ComparisonTest" time="150.876" errors="0" timestamp="2021-11-29T19:33:10 IST" skipped="0">
  <testcase classname="com.eagle.TestCases.ComparisonTest" name="SortColumnSet_Test" time="150.876"/>
  <system-out/>
</testsuite> <!-- com.eagle.TestCases.ComparisonTest -->
