<?xml version="1.0" encoding="UTF-8"?>
<!-- Generated by org.testng.reporters.JUnitReportReporter -->
<testsuite hostname="Mugunth-DESKTOP-8V8CNVQ" failures="0" tests="2" name="com.eagle.TestCases.ComparisonTest" time="205.908" errors="0" timestamp="2021-12-23T11:57:12 IST" skipped="0">
  <testcase classname="com.eagle.TestCases.ComparisonTest" name="ComparisonCreateMultipleCaseCards_Test" time="89.107"/>
  <system-out/>
  <testcase classname="com.eagle.TestCases.ComparisonTest" name="ComparisonCreateMultipleCaseCardsRunComparison_Test" time="116.801"/>
  <system-out/>
</testsuite> <!-- com.eagle.TestCases.ComparisonTest -->
