<?xml version="1.0" encoding="UTF-8"?>
<!-- Generated by org.testng.reporters.JUnitReportReporter -->
<testsuite hostname="Mugunth-DESKTOP-8V8CNVQ" failures="0" tests="1" name="com.eagle.TestCases.ExplorationTest" time="131.080" errors="0" timestamp="2021-12-09T20:04:28 IST" skipped="0">
  <testcase classname="com.eagle.TestCases.ExplorationTest" name="FilterExploration_Test" time="131.080"/>
  <system-out/>
</testsuite> <!-- com.eagle.TestCases.ExplorationTest -->
