<?xml version="1.0" encoding="UTF-8"?>
<!-- Generated by org.testng.reporters.JUnitReportReporter -->
<testsuite hostname="Divya-Devanathan" failures="0" tests="1" name="com.eagle.TestCases.InvestigationTest" time="25.521" errors="0" timestamp="2021-10-19T14:37:41 IST" skipped="0">
  <testcase classname="com.eagle.TestCases.InvestigationTest" name="test_CreateInvestigation_Correct" time="25.521"/>
  <system-out/>
</testsuite> <!-- com.eagle.TestCases.InvestigationTest -->
