<?xml version="1.0" encoding="UTF-8"?>
<!-- Generated by org.testng.reporters.JUnitReportReporter -->
<testsuite hostname="Mugunth-DESKTOP-8V8CNVQ" failures="0" tests="2" name="com.eagle.TestCases.InvestigationTest" time="79.479" errors="0" timestamp="2022-01-05T08:50:51 IST" skipped="0">
  <testcase classname="com.eagle.TestCases.InvestigationTest" name="ShareInvestigation_Test" time="74.877"/>
  <system-out/>
  <testcase classname="com.eagle.TestCases.InvestigationTest" name="DeleteInvestigation_Test" time="4.602"/>
  <system-out/>
</testsuite> <!-- com.eagle.TestCases.InvestigationTest -->
