<?xml version="1.0" encoding="UTF-8"?>
<!-- Generated by org.testng.reporters.JUnitReportReporter -->
<testsuite hostname="Mugunth-DESKTOP-8V8CNVQ" failures="0" tests="6" name="com.eagle.TestCases.HomeTest" time="7.352" errors="0" timestamp="2021-12-16T16:48:03 IST" skipped="0">
  <testcase classname="com.eagle.TestCases.HomeTest" name="VerifyLogoVisibility_Test" time="0.044"/>
  <system-out/>
  <testcase classname="com.eagle.TestCases.HomeTest" name="VerifyDashboard_Test" time="0.123"/>
  <system-out/>
  <testcase classname="com.eagle.TestCases.HomeTest" name="VerifyUserProfile" time="0.536"/>
  <system-out/>
  <testcase classname="com.eagle.TestCases.HomeTest" name="VerifyCopyRights" time="0.072"/>
  <system-out/>
  <testcase classname="com.eagle.TestCases.HomeTest" name="CreateGlobalSearch_Test" time="3.484"/>
  <system-out/>
  <testcase classname="com.eagle.TestCases.HomeTest" name="VerifySavedSearches_Test" time="3.093"/>
  <system-out/>
</testsuite> <!-- com.eagle.TestCases.HomeTest -->
