<?xml version="1.0" encoding="UTF-8"?>
<!-- Generated by org.testng.reporters.JUnitReportReporter -->
<testsuite hostname="Mugunth-DESKTOP-8V8CNVQ" failures="0" tests="16" name="com.eagle.TestCases.AnalysisTest" time="203.391" errors="0" timestamp="2022-05-02T16:36:31 IST" skipped="0">
  <testcase classname="com.eagle.TestCases.AnalysisTest" name="CreateAnalysis_Test" time="13.818"/>
  <system-out/>
  <testcase classname="com.eagle.TestCases.AnalysisTest" name="CreateAnalysisMandatoryCheck_Test" time="6.221"/>
  <system-out/>
  <testcase classname="com.eagle.TestCases.AnalysisTest" name="AnalysisNameAndDescEditInList_Test" time="19.698"/>
  <system-out/>
  <testcase classname="com.eagle.TestCases.AnalysisTest" name="AnalysisNameAndDescEditInPage_Test" time="92.303"/>
  <system-out/>
  <testcase classname="com.eagle.TestCases.AnalysisTest" name="CreateAndDeleteAnalysis_Test" time="14.749"/>
  <system-out/>
  <testcase classname="com.eagle.TestCases.AnalysisTest" name="VerifyGraphCanvas_Test" time="15.001"/>
  <system-out/>
  <testcase classname="com.eagle.TestCases.AnalysisTest" name="VerifyResizingOfGraph_Test" time="19.374"/>
  <system-out/>
  <testcase classname="com.eagle.TestCases.AnalysisTest" name="EntitiesAndFeatureSelectionVerificationInGraph_Test" time="2.479"/>
  <system-out/>
  <testcase classname="com.eagle.TestCases.AnalysisTest" name="PlotWithOneNumericalFeature_Test" time="2.466"/>
  <system-out/>
  <testcase classname="com.eagle.TestCases.AnalysisTest" name="PlotWithOneCategoricalFeature_Test" time="2.470"/>
  <system-out/>
  <testcase classname="com.eagle.TestCases.AnalysisTest" name="PlotWithOneCategoricalandOneNumericalFeature_Test" time="2.398"/>
  <system-out/>
  <testcase classname="com.eagle.TestCases.AnalysisTest" name="PlotWithTwoNumericalFeature_Test" time="2.487"/>
  <system-out/>
  <testcase classname="com.eagle.TestCases.AnalysisTest" name="PlotWithTwoCategoricalFeature_Test" time="2.437"/>
  <system-out/>
  <testcase classname="com.eagle.TestCases.AnalysisTest" name="PlotWithTwoNumericalandOneCategoricalFeatures_Test" time="2.543"/>
  <system-out/>
  <testcase classname="com.eagle.TestCases.AnalysisTest" name="PlotWithThreeNumericalFeatures_Test" time="2.478"/>
  <system-out/>
  <testcase classname="com.eagle.TestCases.AnalysisTest" name="PlotWithThreeNumericalandOneCategoricalFeatures_Test" time="2.469"/>
  <system-out/>
</testsuite> <!-- com.eagle.TestCases.AnalysisTest -->
