<?xml version="1.0" encoding="UTF-8"?>
<!-- Generated by org.testng.reporters.JUnitReportReporter -->
<testsuite hostname="Mugunth-DESKTOP-8V8CNVQ" failures="0" tests="6" name="com.eagle.TestCases.HomeTest" time="8.017" errors="0" timestamp="2021-12-22T17:36:52 IST" skipped="0">
  <testcase classname="com.eagle.TestCases.HomeTest" name="VerifyLogoVisibility_Test" time="0.048"/>
  <system-out/>
  <testcase classname="com.eagle.TestCases.HomeTest" name="VerifyDashboard_Test" time="0.140"/>
  <system-out/>
  <testcase classname="com.eagle.TestCases.HomeTest" name="VerifyUserProfile" time="0.591"/>
  <system-out/>
  <testcase classname="com.eagle.TestCases.HomeTest" name="VerifyCopyRights" time="0.079"/>
  <system-out/>
  <testcase classname="com.eagle.TestCases.HomeTest" name="CreateGlobalSearch_Test" time="4.170"/>
  <system-out/>
  <testcase classname="com.eagle.TestCases.HomeTest" name="VerifySavedSearches_Test" time="2.989"/>
  <system-out/>
</testsuite> <!-- com.eagle.TestCases.HomeTest -->
