<?xml version="1.0" encoding="UTF-8"?>
<!-- Generated by org.testng.reporters.JUnitReportReporter -->
<testsuite hostname="Mugunth-DESKTOP-8V8CNVQ" failures="0" tests="13" name="com.eagle.TestCases.ExplorationTest" time="1013.449" errors="0" timestamp="2022-01-05T08:50:51 IST" skipped="0">
  <testcase classname="com.eagle.TestCases.ExplorationTest" name="DeleteExplorationFirstCard_Test" time="42.254"/>
  <system-out/>
  <testcase classname="com.eagle.TestCases.ExplorationTest" name="DeleteExplorationSecondCard_Test" time="26.943"/>
  <system-out/>
  <testcase classname="com.eagle.TestCases.ExplorationTest" name="ExplorationExpandAddFromFile_Test" time="170.593"/>
  <system-out/>
  <testcase classname="com.eagle.TestCases.ExplorationTest" name="ExplorationCreateARelationCard_Test" time="27.051"/>
  <system-out/>
  <testcase classname="com.eagle.TestCases.ExplorationTest" name="ExplorationCreateTwoRelationCard_Test" time="38.020"/>
  <system-out/>
  <testcase classname="com.eagle.TestCases.ExplorationTest" name="CreateAndDeleteExploration_Test" time="56.135"/>
  <system-out/>
  <testcase classname="com.eagle.TestCases.ExplorationTest" name="CreateAndShareExploration_Test" time="77.379"/>
  <system-out/>
  <testcase classname="com.eagle.TestCases.ExplorationTest" name="DeleteExploration_Test" time="107.958"/>
  <system-out/>
  <testcase classname="com.eagle.TestCases.ExplorationTest" name="ShareExploration_Test" time="10.468"/>
  <system-out/>
  <testcase classname="com.eagle.TestCases.ExplorationTest" name="RemoveItemsfromExploration_Test" time="54.240"/>
  <system-out/>
  <testcase classname="com.eagle.TestCases.ExplorationTest" name="SortColumnExploration_Test" time="95.195"/>
  <system-out/>
  <testcase classname="com.eagle.TestCases.ExplorationTest" name="FilterExploration_Test" time="121.272"/>
  <system-out/>
  <testcase classname="com.eagle.TestCases.ExplorationTest" name="FilterMultiExploration_Test" time="185.941"/>
  <system-out/>
</testsuite> <!-- com.eagle.TestCases.ExplorationTest -->
