<?xml version="1.0" encoding="UTF-8"?>
<!-- Generated by org.testng.reporters.JUnitReportReporter -->
<testsuite hostname="Mugunth-DESKTOP-8V8CNVQ" failures="0" tests="2" name="com.eagle.TestCases.ExplorationTest" time="95.603" errors="0" timestamp="2022-02-10T12:00:59 IST" skipped="0">
  <testcase classname="com.eagle.TestCases.ExplorationTest" name="RemoveItemsfromExploration_Test" time="46.600"/>
  <system-out/>
  <testcase classname="com.eagle.TestCases.ExplorationTest" name="SortColumnExploration_Test" time="49.003"/>
  <system-out/>
</testsuite> <!-- com.eagle.TestCases.ExplorationTest -->
