<?xml version="1.0" encoding="UTF-8"?>
<!-- Generated by org.testng.reporters.JUnitReportReporter -->
<testsuite hostname="Mugunth-DESKTOP-8V8CNVQ" failures="0" tests="24" name="com.eagle.TestCases.ComparisonTest" time="2064.906" errors="0" timestamp="2021-12-22T14:29:22 IST" skipped="0">
  <testcase classname="com.eagle.TestCases.ComparisonTest" name="CreateComparisonWithContol_Test" time="22.224"/>
  <system-out/>
  <testcase classname="com.eagle.TestCases.ComparisonTest" name="CreateComparisonFromSet_Test" time="63.545"/>
  <system-out/>
  <testcase classname="com.eagle.TestCases.ComparisonTest" name="CreateComparisonFromFile_Test" time="43.270"/>
  <system-out/>
  <testcase classname="com.eagle.TestCases.ComparisonTest" name="CreateComparisonWithContolandCase_Test" time="61.245"/>
  <system-out/>
  <testcase classname="com.eagle.TestCases.ComparisonTest" name="createComparisonWithControlandCaseRunComparison_Test" time="71.037"/>
  <system-out/>
  <testcase classname="com.eagle.TestCases.ComparisonTest" name="updateComparisonWithCaseCard_Test" time="33.618"/>
  <system-out/>
  <testcase classname="com.eagle.TestCases.ComparisonTest" name="SearchInComparisonExpand_Test" time="97.766"/>
  <system-out/>
  <testcase classname="com.eagle.TestCases.ComparisonTest" name="DeleteCardInComparisonExpand_Test" time="62.424"/>
  <system-out/>
  <testcase classname="com.eagle.TestCases.ComparisonTest" name="DeleteComparisonFirstCard_Test" time="41.262"/>
  <system-out/>
  <testcase classname="com.eagle.TestCases.ComparisonTest" name="DeleteComparisonSecondCard_Test" time="111.497"/>
  <system-out/>
  <testcase classname="com.eagle.TestCases.ComparisonTest" name="ComparisonExpandAddFromCatalog_Test" time="69.665"/>
  <system-out/>
  <testcase classname="com.eagle.TestCases.ComparisonTest" name="ComparisonExpandAddFromSet_Test" time="389.456"/>
  <system-out/>
  <testcase classname="com.eagle.TestCases.ComparisonTest" name="ComparisonExpandAddFromFile_Test" time="144.269"/>
  <system-out/>
  <testcase classname="com.eagle.TestCases.ComparisonTest" name="ComparisonCreateMultipleCaseCards_Test" time="88.487"/>
  <system-out/>
  <testcase classname="com.eagle.TestCases.ComparisonTest" name="ComparisonCreateMultipleCaseCardsRunComparison_Test" time="130.213"/>
  <system-out/>
  <testcase classname="com.eagle.TestCases.ComparisonTest" name="CreateAndDeleteComparison_Test" time="41.504"/>
  <system-out/>
  <testcase classname="com.eagle.TestCases.ComparisonTest" name="CreateAndShareComparison_Test" time="54.383"/>
  <system-out/>
  <testcase classname="com.eagle.TestCases.ComparisonTest" name="DeleteComparison_Test" time="5.164"/>
  <system-out/>
  <testcase classname="com.eagle.TestCases.ComparisonTest" name="ShareComparison_Test" time="6.765"/>
  <system-out/>
  <testcase classname="com.eagle.TestCases.ComparisonTest" name="RemoveItemsfromComparison_Test" time="54.431"/>
  <system-out/>
  <testcase classname="com.eagle.TestCases.ComparisonTest" name="ChangeControlAndCase_Test" time="83.048"/>
  <system-out/>
  <testcase classname="com.eagle.TestCases.ComparisonTest" name="SortColumnComparison_Test" time="83.944"/>
  <system-out/>
  <testcase classname="com.eagle.TestCases.ComparisonTest" name="FilterComparison_Test" time="145.630"/>
  <system-out/>
  <testcase classname="com.eagle.TestCases.ComparisonTest" name="FilterMultiComparison_Test" time="160.059"/>
  <system-out/>
</testsuite> <!-- com.eagle.TestCases.ComparisonTest -->
