<?xml version="1.0" encoding="UTF-8"?>
<!-- Generated by org.testng.reporters.JUnitReportReporter -->
<testsuite hostname="Mugunth-DESKTOP-8V8CNVQ" failures="0" tests="1" name="com.eagle.TestCases.SetTest" time="161.150" errors="0" timestamp="2021-12-24T13:52:49 IST" skipped="0">
  <testcase classname="com.eagle.TestCases.SetTest" name="SetExpandAddFromFile_Test" time="161.150"/>
  <system-out/>
</testsuite> <!-- com.eagle.TestCases.SetTest -->
