<?xml version="1.0" encoding="UTF-8"?>
<!-- Generated by org.testng.reporters.JUnitReportReporter -->
<testsuite hostname="Mugunth-DESKTOP-8V8CNVQ" failures="0" tests="2" name="com.eagle.TestCases.ComparisonTest" time="276.682" errors="0" timestamp="2021-12-09T20:39:26 IST" skipped="0">
  <testcase classname="com.eagle.TestCases.ComparisonTest" name="FilterComparison_Test" time="105.000"/>
  <system-out/>
  <testcase classname="com.eagle.TestCases.ComparisonTest" name="FilterMultiComparison_Test" time="171.682"/>
  <system-out/>
</testsuite> <!-- com.eagle.TestCases.ComparisonTest -->
