<?xml version="1.0" encoding="UTF-8"?>
<!-- Generated by org.testng.reporters.JUnitReportReporter -->
<testsuite hostname="QA-team" failures="0" tests="9" name="com.eagle.TestCases.HomeTest" time="49.132" errors="0" timestamp="2022-04-26T07:15:43 UTC" skipped="0">
  <testcase classname="com.eagle.TestCases.HomeTest" name="VerifyLogoVisibility_Test" time="0.077"/>
  <system-out/>
  <testcase classname="com.eagle.TestCases.HomeTest" name="VerifyDashboard_Test" time="0.183"/>
  <system-out/>
  <testcase classname="com.eagle.TestCases.HomeTest" name="VerifyUserProfile" time="0.791"/>
  <system-out/>
  <testcase classname="com.eagle.TestCases.HomeTest" name="VerifyCopyRights" time="0.071"/>
  <system-out/>
  <testcase classname="com.eagle.TestCases.HomeTest" name="CreateGlobalSearch_Test" time="9.052"/>
  <system-out/>
  <testcase classname="com.eagle.TestCases.HomeTest" name="VerifySavedSearches_Test" time="3.791"/>
  <system-out/>
  <testcase classname="com.eagle.TestCases.HomeTest" name="VerifyContactHelpDesk_Test" time="17.334"/>
  <system-out/>
  <testcase classname="com.eagle.TestCases.HomeTest" name="VerifyUserManual_Test" time="0.529"/>
  <system-out/>
  <testcase classname="com.eagle.TestCases.HomeTest" name="VerifyFAQ_Test" time="17.304"/>
  <system-out/>
</testsuite> <!-- com.eagle.TestCases.HomeTest -->
