<?xml version="1.0" encoding="UTF-8"?>
<!-- Generated by org.testng.reporters.JUnitReportReporter -->
<testsuite hostname="QA-team" failures="0" tests="16" name="com.eagle.TestCases.SetTest" time="805.388" errors="0" timestamp="2022-04-26T07:15:43 UTC" skipped="0">
  <testcase classname="com.eagle.TestCases.SetTest" name="CreateSet_Test" time="20.985"/>
  <system-out/>
  <testcase classname="com.eagle.TestCases.SetTest" name="ViewSet_Test" time="3.214"/>
  <system-out/>
  <testcase classname="com.eagle.TestCases.SetTest" name="CreateSetFromFile_Test" time="19.007"/>
  <system-out/>
  <testcase classname="com.eagle.TestCases.SetTest" name="CreateSetFromSet_Test" time="33.565"/>
  <system-out/>
  <testcase classname="com.eagle.TestCases.SetTest" name="SearchInSetExpand_Test" time="52.943"/>
  <system-out/>
  <testcase classname="com.eagle.TestCases.SetTest" name="SetExpandAddFromCatalog_Test" time="72.746"/>
  <system-out/>
  <testcase classname="com.eagle.TestCases.SetTest" name="SetExpandAddFromSet_Test" time="94.784"/>
  <system-out/>
  <testcase classname="com.eagle.TestCases.SetTest" name="SetExpandAddFromFile_Test" time="105.071"/>
  <system-out/>
  <testcase classname="com.eagle.TestCases.SetTest" name="DeleteCardInSetExpand_Test" time="31.215"/>
  <system-out/>
  <testcase classname="com.eagle.TestCases.SetTest" name="RemoveItemsfromSet_Test" time="49.518"/>
  <system-out/>
  <testcase classname="com.eagle.TestCases.SetTest" name="GridChangesInSet_Test" time="37.590"/>
  <system-out/>
  <testcase classname="com.eagle.TestCases.SetTest" name="CreateAndDeleteSet_Test" time="24.076"/>
  <system-out/>
  <testcase classname="com.eagle.TestCases.SetTest" name="CreateAndShareSet_Test" time="30.220"/>
  <system-out/>
  <testcase classname="com.eagle.TestCases.SetTest" name="SortColumnSet_Test" time="58.265"/>
  <system-out/>
  <testcase classname="com.eagle.TestCases.SetTest" name="FilterSet_Test" time="78.021"/>
  <system-out/>
  <testcase classname="com.eagle.TestCases.SetTest" name="FilterMultiSet_Test" time="94.168"/>
  <system-out/>
</testsuite> <!-- com.eagle.TestCases.SetTest -->
