<?xml version="1.0" encoding="UTF-8"?>
<!-- Generated by org.testng.reporters.JUnitReportReporter -->
<testsuite hostname="Mugunth-DESKTOP-8V8CNVQ" failures="0" tests="2" name="com.eagle.TestCases.ExplorationTest" time="111.083" errors="0" timestamp="2022-02-21T16:22:31 IST" skipped="0">
  <testcase classname="com.eagle.TestCases.ExplorationTest" name="CreateExplorationFromSearch_Test" time="22.066"/>
  <system-out/>
  <testcase classname="com.eagle.TestCases.ExplorationTest" name="CreateExplorationFromSetInitally_Test" time="89.017"/>
  <system-out/>
</testsuite> <!-- com.eagle.TestCases.ExplorationTest -->
