<?xml version="1.0" encoding="UTF-8"?>
<!-- Generated by org.testng.reporters.JUnitReportReporter -->
<testsuite hostname="Mugunth-DESKTOP-8V8CNVQ" failures="0" tests="18" name="com.eagle.TestCases.SetTest" time="1834.137" errors="0" timestamp="2021-12-10T09:18:34 IST" skipped="0">
  <testcase classname="com.eagle.TestCases.SetTest" name="CreateSet_Test" time="70.574"/>
  <system-out/>
  <testcase classname="com.eagle.TestCases.SetTest" name="ViewSet_Test" time="2.170"/>
  <system-out/>
  <testcase classname="com.eagle.TestCases.SetTest" name="CreateSetFromFile_Test" time="22.402"/>
  <system-out/>
  <testcase classname="com.eagle.TestCases.SetTest" name="CreateSetFromSet_Test" time="68.024"/>
  <system-out/>
  <testcase classname="com.eagle.TestCases.SetTest" name="SearchInSetExpand_Test" time="133.132"/>
  <system-out/>
  <testcase classname="com.eagle.TestCases.SetTest" name="SetExpandAddFromCatalog_Test" time="318.002"/>
  <system-out/>
  <testcase classname="com.eagle.TestCases.SetTest" name="SetExpandAddFromSet_Test" time="239.370"/>
  <system-out/>
  <testcase classname="com.eagle.TestCases.SetTest" name="SetExpandAddFromFile_Test" time="170.163"/>
  <system-out/>
  <testcase classname="com.eagle.TestCases.SetTest" name="DeleteCardInSetExpand_Test" time="94.033"/>
  <system-out/>
  <testcase classname="com.eagle.TestCases.SetTest" name="RemoveItemsfromSet_Test" time="74.812"/>
  <system-out/>
  <testcase classname="com.eagle.TestCases.SetTest" name="GridChangesInSet_Test" time="100.639"/>
  <system-out/>
  <testcase classname="com.eagle.TestCases.SetTest" name="CreateAndDeleteSet_Test" time="43.595"/>
  <system-out/>
  <testcase classname="com.eagle.TestCases.SetTest" name="CreateAndShareSet_Test" time="54.493"/>
  <system-out/>
  <testcase classname="com.eagle.TestCases.SetTest" name="DeleteSet_Test" time="107.549"/>
  <system-out/>
  <testcase classname="com.eagle.TestCases.SetTest" name="ShareSet_Test" time="16.462"/>
  <system-out/>
  <testcase classname="com.eagle.TestCases.SetTest" name="SortColumnSet_Test" time="102.095"/>
  <system-out/>
  <testcase classname="com.eagle.TestCases.SetTest" name="FilterSet_Test" time="145.082"/>
  <system-out/>
  <testcase classname="com.eagle.TestCases.SetTest" name="FilterMultiSet_Test" time="71.540"/>
  <system-out/>
</testsuite> <!-- com.eagle.TestCases.SetTest -->
