<?xml version="1.0" encoding="UTF-8"?>
<!-- Generated by org.testng.reporters.JUnitReportReporter -->
<testsuite hostname="Mugunth-DESKTOP-8V8CNVQ" failures="0" tests="1" name="com.eagle.TestCases.SetTest" time="0.135" errors="0" timestamp="2021-12-10T16:22:40 IST" skipped="0">
  <testcase classname="com.eagle.TestCases.SetTest" name="CreateSet_Test" time="0.135"/>
  <system-out/>
</testsuite> <!-- com.eagle.TestCases.SetTest -->
