<?xml version="1.0" encoding="UTF-8"?>
<!-- Generated by org.testng.reporters.JUnitReportReporter -->
<testsuite hostname="Mugunth-DESKTOP-8V8CNVQ" failures="0" tests="1" name="com.eagle.TestCases.LogoutTest" time="8.129" errors="0" timestamp="2022-01-17T16:36:46 IST" skipped="0">
  <testcase classname="com.eagle.TestCases.LogoutTest" name="VerifyLogout_Test" time="8.129"/>
  <system-out/>
</testsuite> <!-- com.eagle.TestCases.LogoutTest -->
