<?xml version="1.0" encoding="UTF-8"?>
<!-- Generated by org.testng.reporters.JUnitReportReporter -->
<testsuite hostname="Mugunth-DESKTOP-8V8CNVQ" failures="0" tests="2" name="com.eagle.TestCases.ComparisonTest" time="281.908" errors="0" timestamp="2022-01-06T12:05:33 IST" skipped="0">
  <testcase classname="com.eagle.TestCases.ComparisonTest" name="ComparisonExpandAddFromFile_Test" time="183.240"/>
  <system-out/>
  <testcase classname="com.eagle.TestCases.ComparisonTest" name="ComparisonCreateMultipleCaseCards_Test" time="98.668"/>
  <system-out/>
</testsuite> <!-- com.eagle.TestCases.ComparisonTest -->
