<?xml version="1.0" encoding="UTF-8"?>
<!-- Generated by org.testng.reporters.JUnitReportReporter -->
<testsuite hostname="Mugunth-DESKTOP-8V8CNVQ" failures="0" tests="1" name="com.eagle.TestCases.SetTest" time="118.764" errors="0" timestamp="2021-12-21T20:44:08 IST" skipped="0">
  <testcase classname="com.eagle.TestCases.SetTest" name="SetExpandAddFromFile_Test" time="118.764"/>
  <system-out/>
</testsuite> <!-- com.eagle.TestCases.SetTest -->
