<?xml version="1.0" encoding="UTF-8"?>
<!-- Generated by org.testng.reporters.JUnitReportReporter -->
<testsuite hostname="Mugunth-DESKTOP-8V8CNVQ" failures="0" tests="25" name="com.eagle.TestCases.ComparisonTest" time="60.105" errors="1" timestamp="2021-12-16T13:19:15 IST" skipped="24">
  <testcase classname="com.eagle.TestCases.ComparisonTest" name="beforeClass" time="60.105">
    <error message="no such window: target window already closed
from unknown error: web view not found
  (Session info: chrome=96.0.4664.93)
Build info: version: &#039;3.141.59&#039;, revision: &#039;e82be7d358&#039;, time: &#039;2018-11-14T08:17:03&#039;
System info: host: &#039;MUGUNTH-DESKTOP&#039;, ip: &#039;172.17.200.17&#039;, os.name: &#039;Windows 10&#039;, os.arch: &#039;amd64&#039;, os.version: &#039;10.0&#039;, java.version: &#039;15.0.2&#039;
Driver info: org.openqa.selenium.chrome.ChromeDriver
Capabilities {acceptInsecureCerts: false, browserName: chrome, browserVersion: 96.0.4664.93, chrome: {chromedriverVersion: 96.0.4664.45 (76e4c1bb2ab46..., userDataDir: C:\Users\MUGUNT~1\AppData\L...}, goog:chromeOptions: {debuggerAddress: localhost:51340}, javascriptEnabled: true, networkConnectionEnabled: false, pageLoadStrategy: normal, platform: WINDOWS, platformName: WINDOWS, proxy: Proxy(), setWindowRect: true, strictFileInteractability: false, timeouts: {implicit: 0, pageLoad: 300000, script: 30000}, unhandledPromptBehavior: dismiss and notify, webauthn:extension:credBlob: true, webauthn:extension:largeBlob: true, webauthn:virtualAuthenticators: true}
Session ID: 26753f46224fd68dec58c48d95d794f8
*** Element info: {Using=xpath, value=//i[@data-icon-name=&#039;BranchCompare&#039;]}" type="org.openqa.selenium.NoSuchWindowException">
      <![CDATA[org.openqa.selenium.NoSuchWindowException: no such window: target window already closed
from unknown error: web view not found
  (Session info: chrome=96.0.4664.93)
Build info: version: '3.141.59', revision: 'e82be7d358', time: '2018-11-14T08:17:03'
System info: host: 'MUGUNTH-DESKTOP', ip: '172.17.200.17', os.name: 'Windows 10', os.arch: 'amd64', os.version: '10.0', java.version: '15.0.2'
Driver info: org.openqa.selenium.chrome.ChromeDriver
Capabilities {acceptInsecureCerts: false, browserName: chrome, browserVersion: 96.0.4664.93, chrome: {chromedriverVersion: 96.0.4664.45 (76e4c1bb2ab46..., userDataDir: C:\Users\MUGUNT~1\AppData\L...}, goog:chromeOptions: {debuggerAddress: localhost:51340}, javascriptEnabled: true, networkConnectionEnabled: false, pageLoadStrategy: normal, platform: WINDOWS, platformName: WINDOWS, proxy: Proxy(), setWindowRect: true, strictFileInteractability: false, timeouts: {implicit: 0, pageLoad: 300000, script: 30000}, unhandledPromptBehavior: dismiss and notify, webauthn:extension:credBlob: true, webauthn:extension:largeBlob: true, webauthn:virtualAuthenticators: true}
Session ID: 26753f46224fd68dec58c48d95d794f8
*** Element info: {Using=xpath, value=//i[@data-icon-name='BranchCompare']}
at jdk.internal.reflect.GeneratedConstructorAccessor28.newInstance(Unknown Source)
at java.base/jdk.internal.reflect.DelegatingConstructorAccessorImpl.newInstance(DelegatingConstructorAccessorImpl.java:45)
at java.base/java.lang.reflect.Constructor.newInstanceWithCaller(Constructor.java:500)
at java.base/java.lang.reflect.Constructor.newInstance(Constructor.java:481)
at org.openqa.selenium.remote.http.W3CHttpResponseCodec.createException(W3CHttpResponseCodec.java:187)
at org.openqa.selenium.remote.http.W3CHttpResponseCodec.decode(W3CHttpResponseCodec.java:122)
at org.openqa.selenium.remote.http.W3CHttpResponseCodec.decode(W3CHttpResponseCodec.java:49)
at org.openqa.selenium.remote.HttpCommandExecutor.execute(HttpCommandExecutor.java:158)
at org.openqa.selenium.remote.service.DriverCommandExecutor.execute(DriverCommandExecutor.java:83)
at org.openqa.selenium.remote.RemoteWebDriver.execute(RemoteWebDriver.java:552)
at org.openqa.selenium.remote.RemoteWebDriver.findElement(RemoteWebDriver.java:323)
at org.openqa.selenium.remote.RemoteWebDriver.findElementByXPath(RemoteWebDriver.java:428)
at org.openqa.selenium.By$ByXPath.findElement(By.java:353)
at org.openqa.selenium.remote.RemoteWebDriver.findElement(RemoteWebDriver.java:315)
at org.openqa.selenium.support.pagefactory.DefaultElementLocator.findElement(DefaultElementLocator.java:69)
at org.openqa.selenium.support.pagefactory.internal.LocatingElementHandler.invoke(LocatingElementHandler.java:38)
at com.sun.proxy.$Proxy14.toString(Unknown Source)
at java.base/java.lang.String.valueOf(String.java:3367)
at java.base/java.lang.StringBuilder.append(StringBuilder.java:167)
at org.openqa.selenium.support.ui.ExpectedConditions$10.toString(ExpectedConditions.java:306)
at java.base/java.lang.String.valueOf(String.java:3367)
at java.base/java.lang.StringBuilder.append(StringBuilder.java:167)
at org.openqa.selenium.support.ui.FluentWait.until(FluentWait.java:279)
at com.eagle.pages.BasePage.click(BasePage.java:49)
at com.eagle.pages.ComparisonPage.<init>(ComparisonPage.java:370)
at com.eagle.TestCases.ComparisonTest.beforeClass(ComparisonTest.java:26)
at java.base/jdk.internal.reflect.NativeMethodAccessorImpl.invoke0(Native Method)
at java.base/jdk.internal.reflect.NativeMethodAccessorImpl.invoke(NativeMethodAccessorImpl.java:64)
at java.base/jdk.internal.reflect.DelegatingMethodAccessorImpl.invoke(DelegatingMethodAccessorImpl.java:43)
at java.base/java.lang.reflect.Method.invoke(Method.java:564)
at org.testng.internal.MethodInvocationHelper.invokeMethod(MethodInvocationHelper.java:133)
at org.testng.internal.MethodInvocationHelper.invokeMethodConsideringTimeout(MethodInvocationHelper.java:62)
at org.testng.internal.ConfigInvoker.invokeConfigurationMethod(ConfigInvoker.java:385)
at org.testng.internal.ConfigInvoker.invokeConfigurations(ConfigInvoker.java:321)
at org.testng.internal.TestMethodWorker.invokeBeforeClassMethods(TestMethodWorker.java:176)
at org.testng.internal.TestMethodWorker.run(TestMethodWorker.java:122)
at java.base/java.util.ArrayList.forEach(ArrayList.java:1511)
at org.testng.TestRunner.privateRun(TestRunner.java:794)
at org.testng.TestRunner.run(TestRunner.java:596)
at org.testng.SuiteRunner.runTest(SuiteRunner.java:377)
at org.testng.SuiteRunner.runSequentially(SuiteRunner.java:371)
at org.testng.SuiteRunner.privateRun(SuiteRunner.java:332)
at org.testng.SuiteRunner.run(SuiteRunner.java:276)
at org.testng.SuiteRunnerWorker.runSuite(SuiteRunnerWorker.java:53)
at org.testng.SuiteRunnerWorker.run(SuiteRunnerWorker.java:96)
at org.testng.TestNG.runSuitesSequentially(TestNG.java:1212)
at org.testng.TestNG.runSuitesLocally(TestNG.java:1134)
at org.testng.TestNG.runSuites(TestNG.java:1063)
at org.testng.TestNG.run(TestNG.java:1031)
at org.testng.remote.AbstractRemoteTestNG.run(AbstractRemoteTestNG.java:115)
at org.testng.remote.RemoteTestNG.initAndRun(RemoteTestNG.java:251)
at org.testng.remote.RemoteTestNG.main(RemoteTestNG.java:77)
]]>
    </error>
  </testcase> <!-- beforeClass -->
  <system-out/>
  <testcase classname="com.eagle.TestCases.ComparisonTest" name="CreateComparisonWithContol_Test" time="0.000">
    <skipped/>
  </testcase> <!-- CreateComparisonWithContol_Test -->
  <system-out/>
  <testcase classname="com.eagle.TestCases.ComparisonTest" name="CreateComparisonFromSet_Test" time="0.000">
    <skipped/>
  </testcase> <!-- CreateComparisonFromSet_Test -->
  <system-out/>
  <testcase classname="com.eagle.TestCases.ComparisonTest" name="CreateComparisonFromFile_Test" time="0.000">
    <skipped/>
  </testcase> <!-- CreateComparisonFromFile_Test -->
  <system-out/>
  <testcase classname="com.eagle.TestCases.ComparisonTest" name="CreateComparisonWithContolandCase_Test" time="0.000">
    <skipped/>
  </testcase> <!-- CreateComparisonWithContolandCase_Test -->
  <system-out/>
  <testcase classname="com.eagle.TestCases.ComparisonTest" name="createComparisonWithControlandCaseRunComparison_Test" time="0.000">
    <skipped/>
  </testcase> <!-- createComparisonWithControlandCaseRunComparison_Test -->
  <system-out/>
  <testcase classname="com.eagle.TestCases.ComparisonTest" name="updateComparisonWithCaseCard_Test" time="0.000">
    <skipped/>
  </testcase> <!-- updateComparisonWithCaseCard_Test -->
  <system-out/>
  <testcase classname="com.eagle.TestCases.ComparisonTest" name="SearchInComparisonExpand_Test" time="0.000">
    <skipped/>
  </testcase> <!-- SearchInComparisonExpand_Test -->
  <system-out/>
  <testcase classname="com.eagle.TestCases.ComparisonTest" name="DeleteCardInComparisonExpand_Test" time="0.000">
    <skipped/>
  </testcase> <!-- DeleteCardInComparisonExpand_Test -->
  <system-out/>
  <testcase classname="com.eagle.TestCases.ComparisonTest" name="DeleteComparisonFirstCard_Test" time="0.000">
    <skipped/>
  </testcase> <!-- DeleteComparisonFirstCard_Test -->
  <system-out/>
  <testcase classname="com.eagle.TestCases.ComparisonTest" name="DeleteComparisonSecondCard_Test" time="0.000">
    <skipped/>
  </testcase> <!-- DeleteComparisonSecondCard_Test -->
  <system-out/>
  <testcase classname="com.eagle.TestCases.ComparisonTest" name="ComparisonExpandAddFromCatalog_Test" time="0.000">
    <skipped/>
  </testcase> <!-- ComparisonExpandAddFromCatalog_Test -->
  <system-out/>
  <testcase classname="com.eagle.TestCases.ComparisonTest" name="ComparisonExpandAddFromSet_Test" time="0.000">
    <skipped/>
  </testcase> <!-- ComparisonExpandAddFromSet_Test -->
  <system-out/>
  <testcase classname="com.eagle.TestCases.ComparisonTest" name="ComparisonExpandAddFromFile_Test" time="0.000">
    <skipped/>
  </testcase> <!-- ComparisonExpandAddFromFile_Test -->
  <system-out/>
  <testcase classname="com.eagle.TestCases.ComparisonTest" name="ComparisonCreateMultipleCaseCards_Test" time="0.000">
    <skipped/>
  </testcase> <!-- ComparisonCreateMultipleCaseCards_Test -->
  <system-out/>
  <testcase classname="com.eagle.TestCases.ComparisonTest" name="ComparisonCreateMultipleCaseCardsRunComparison_Test" time="0.000">
    <skipped/>
  </testcase> <!-- ComparisonCreateMultipleCaseCardsRunComparison_Test -->
  <system-out/>
  <testcase classname="com.eagle.TestCases.ComparisonTest" name="CreateAndDeleteComparison_Test" time="0.000">
    <skipped/>
  </testcase> <!-- CreateAndDeleteComparison_Test -->
  <system-out/>
  <testcase classname="com.eagle.TestCases.ComparisonTest" name="CreateAndShareComparison_Test" time="0.000">
    <skipped/>
  </testcase> <!-- CreateAndShareComparison_Test -->
  <system-out/>
  <testcase classname="com.eagle.TestCases.ComparisonTest" name="DeleteComparison_Test" time="0.000">
    <skipped/>
  </testcase> <!-- DeleteComparison_Test -->
  <system-out/>
  <testcase classname="com.eagle.TestCases.ComparisonTest" name="ShareComparison_Test" time="0.000">
    <skipped/>
  </testcase> <!-- ShareComparison_Test -->
  <system-out/>
  <testcase classname="com.eagle.TestCases.ComparisonTest" name="RemoveItemsfromComparison_Test" time="0.000">
    <skipped/>
  </testcase> <!-- RemoveItemsfromComparison_Test -->
  <system-out/>
  <testcase classname="com.eagle.TestCases.ComparisonTest" name="ChangeControlAndCase_Test" time="0.000">
    <skipped/>
  </testcase> <!-- ChangeControlAndCase_Test -->
  <system-out/>
  <testcase classname="com.eagle.TestCases.ComparisonTest" name="SortColumnComparison_Test" time="0.000">
    <skipped/>
  </testcase> <!-- SortColumnComparison_Test -->
  <system-out/>
  <testcase classname="com.eagle.TestCases.ComparisonTest" name="FilterComparison_Test" time="0.000">
    <skipped/>
  </testcase> <!-- FilterComparison_Test -->
  <system-out/>
  <testcase classname="com.eagle.TestCases.ComparisonTest" name="FilterMultiComparison_Test" time="0.000">
    <skipped/>
  </testcase> <!-- FilterMultiComparison_Test -->
  <system-out/>
</testsuite> <!-- com.eagle.TestCases.ComparisonTest -->
