<?xml version="1.0" encoding="UTF-8"?>
<!-- Generated by org.testng.reporters.JUnitReportReporter -->
<testsuite hostname="Mugunth-DESKTOP-8V8CNVQ" failures="0" tests="6" name="com.eagle.TestCases.HomeTest" time="9.374" errors="0" timestamp="2021-12-23T01:47:30 IST" skipped="0">
  <testcase classname="com.eagle.TestCases.HomeTest" name="VerifyLogoVisibility_Test" time="0.059"/>
  <system-out/>
  <testcase classname="com.eagle.TestCases.HomeTest" name="VerifyDashboard_Test" time="0.255"/>
  <system-out/>
  <testcase classname="com.eagle.TestCases.HomeTest" name="VerifyUserProfile" time="0.898"/>
  <system-out/>
  <testcase classname="com.eagle.TestCases.HomeTest" name="VerifyCopyRights" time="0.108"/>
  <system-out/>
  <testcase classname="com.eagle.TestCases.HomeTest" name="CreateGlobalSearch_Test" time="4.924"/>
  <system-out/>
  <testcase classname="com.eagle.TestCases.HomeTest" name="VerifySavedSearches_Test" time="3.130"/>
  <system-out/>
</testsuite> <!-- com.eagle.TestCases.HomeTest -->
