<?xml version="1.0" encoding="UTF-8"?>
<!-- Generated by org.testng.reporters.JUnitReportReporter -->
<testsuite hostname="Mugunth-DESKTOP-8V8CNVQ" failures="0" tests="2" name="com.eagle.TestCases.SetTest" time="85.320" errors="0" timestamp="2022-02-10T12:00:59 IST" skipped="0">
  <testcase classname="com.eagle.TestCases.SetTest" name="RemoveItemsfromSet_Test" time="52.786"/>
  <system-out/>
  <testcase classname="com.eagle.TestCases.SetTest" name="SortColumnSet_Test" time="32.534"/>
  <system-out/>
</testsuite> <!-- com.eagle.TestCases.SetTest -->
