<?xml version="1.0" encoding="UTF-8"?>
<!-- Generated by org.testng.reporters.JUnitReportReporter -->
<testsuite hostname="Mugunth-DESKTOP-8V8CNVQ" failures="0" tests="1" name="com.eagle.TestCases.LoginTest" time="51.274" errors="0" timestamp="2022-05-02T16:36:31 IST" skipped="0">
  <testcase classname="com.eagle.TestCases.LoginTest" name="VerifyLoginPage_Test" time="51.274"/>
  <system-out/>
</testsuite> <!-- com.eagle.TestCases.LoginTest -->
