<?xml version="1.0" encoding="UTF-8"?>
<!-- Generated by org.testng.reporters.JUnitReportReporter -->
<testsuite hostname="Divya-Devanathan" failures="0" tests="1" name="com.eagle.TestCases.SetTest" time="23.732" errors="0" timestamp="2021-09-17T14:56:41 IST" skipped="0">
  <testcase classname="com.eagle.TestCases.SetTest" name="test_Set_Correct" time="23.732"/>
  <system-out/>
</testsuite> <!-- com.eagle.TestCases.SetTest -->
