<?xml version="1.0" encoding="UTF-8"?>
<!-- Generated by org.testng.reporters.JUnitReportReporter -->
<testsuite hostname="Mugunth-DESKTOP-8V8CNVQ" failures="0" tests="1" name="com.eagle.TestCases.ExplorationTest" time="101.614" errors="0" timestamp="2021-11-18T11:42:24 IST" skipped="0">
  <testcase classname="com.eagle.TestCases.ExplorationTest" name="ExplorationExpandAddFromSet_Test" time="101.614"/>
  <system-out/>
</testsuite> <!-- com.eagle.TestCases.ExplorationTest -->
