<?xml version="1.0" encoding="UTF-8"?>
<!-- Generated by org.testng.reporters.JUnitReportReporter -->
<testsuite hostname="Mugunth-DESKTOP-8V8CNVQ" failures="0" tests="1" name="com.eagle.TestCases.LogoutTest" time="6.690" errors="0" timestamp="2021-12-24T13:22:18 IST" skipped="0">
  <testcase classname="com.eagle.TestCases.LogoutTest" name="VerifyLogout_Test" time="6.690"/>
  <system-out/>
</testsuite> <!-- com.eagle.TestCases.LogoutTest -->
