<?xml version="1.0" encoding="UTF-8"?>
<!-- Generated by org.testng.reporters.JUnitReportReporter -->
<testsuite hostname="QA-team" failures="0" tests="16" name="com.eagle.TestCases.AnalysisTest" time="753.199" errors="0" timestamp="2022-04-23T09:29:44 UTC" skipped="0">
  <testcase classname="com.eagle.TestCases.AnalysisTest" name="CreateAnalysis_Test" time="11.106"/>
  <system-out/>
  <testcase classname="com.eagle.TestCases.AnalysisTest" name="CreateAnalysisMandatoryCheck_Test" time="6.745"/>
  <system-out/>
  <testcase classname="com.eagle.TestCases.AnalysisTest" name="AnalysisNameAndDescEditInList_Test" time="7.758"/>
  <system-out/>
  <testcase classname="com.eagle.TestCases.AnalysisTest" name="AnalysisNameAndDescEditInPage_Test" time="89.174"/>
  <system-out/>
  <testcase classname="com.eagle.TestCases.AnalysisTest" name="CreateAndDeleteAnalysis_Test" time="12.460"/>
  <system-out/>
  <testcase classname="com.eagle.TestCases.AnalysisTest" name="VerifyGraphCanvas_Test" time="11.167"/>
  <system-out/>
  <testcase classname="com.eagle.TestCases.AnalysisTest" name="VerifyResizingOfGraph_Test" time="12.386"/>
  <system-out/>
  <testcase classname="com.eagle.TestCases.AnalysisTest" name="EntitiesAndFeatureSelectionVerificationInGraph_Test" time="53.105"/>
  <system-out/>
  <testcase classname="com.eagle.TestCases.AnalysisTest" name="PlotWithOneNumericalFeature_Test" time="62.802"/>
  <system-out/>
  <testcase classname="com.eagle.TestCases.AnalysisTest" name="PlotWithOneCategoricalFeature_Test" time="79.945"/>
  <system-out/>
  <testcase classname="com.eagle.TestCases.AnalysisTest" name="PlotWithOneCategoricalandOneNumericalFeature_Test" time="62.809"/>
  <system-out/>
  <testcase classname="com.eagle.TestCases.AnalysisTest" name="PlotWithTwoNumericalFeature_Test" time="55.337"/>
  <system-out/>
  <testcase classname="com.eagle.TestCases.AnalysisTest" name="PlotWithTwoCategoricalFeature_Test" time="80.976"/>
  <system-out/>
  <testcase classname="com.eagle.TestCases.AnalysisTest" name="PlotWithTwoNumericalandOneCategoricalFeatures_Test" time="75.003"/>
  <system-out/>
  <testcase classname="com.eagle.TestCases.AnalysisTest" name="PlotWithThreeNumericalFeatures_Test" time="57.442"/>
  <system-out/>
  <testcase classname="com.eagle.TestCases.AnalysisTest" name="PlotWithThreeNumericalandOneCategoricalFeatures_Test" time="74.984"/>
  <system-out/>
</testsuite> <!-- com.eagle.TestCases.AnalysisTest -->
