<?xml version="1.0" encoding="UTF-8"?>
<!-- Generated by org.testng.reporters.JUnitReportReporter -->
<testsuite hostname="Mugunth-DESKTOP-8V8CNVQ" failures="0" tests="1" name="com.eagle.TestCases.AnalysisTest" time="47.067" errors="0" timestamp="2022-03-08T13:10:19 IST" skipped="0">
  <testcase classname="com.eagle.TestCases.AnalysisTest" name="VerifySelectingFeaturesInAnalysis_Test" time="47.067"/>
  <system-out/>
</testsuite> <!-- com.eagle.TestCases.AnalysisTest -->
