<?xml version="1.0" encoding="UTF-8"?>
<!-- Generated by org.testng.reporters.JUnitReportReporter -->
<testsuite hostname="Mugunth-DESKTOP-8V8CNVQ" failures="0" tests="1" name="com.eagle.TestCases.ExplorationTest" time="127.268" errors="0" timestamp="2021-12-02T14:51:03 IST" skipped="0">
  <testcase classname="com.eagle.TestCases.ExplorationTest" name="SortColumnExploration_Test" time="127.268"/>
  <system-out/>
</testsuite> <!-- com.eagle.TestCases.ExplorationTest -->
