<?xml version="1.0" encoding="UTF-8"?>
<!-- Generated by org.testng.reporters.JUnitReportReporter -->
<testsuite hostname="Divya-Devanathan" failures="0" tests="1" name="com.eagle.TestCases.InvestigationTest" time="18.773" errors="1" timestamp="2021-09-13T16:58:46 IST" skipped="0">
  <testcase classname="com.eagle.TestCases.InvestigationTest" name="test_CreateInvestigation_Correct" time="18.773">
    <error message="Cannot invoke &quot;Object.getClass()&quot; because &quot;obj&quot; is null" type="java.lang.NullPointerException">
      <![CDATA[java.lang.NullPointerException: Cannot invoke "Object.getClass()" because "obj" is null
at java.base/java.lang.reflect.Method.invoke(Method.java:557)
at org.openqa.selenium.support.pagefactory.internal.LocatingElementHandler.invoke(LocatingElementHandler.java:51)
at com.sun.proxy.$Proxy9.isDisplayed(Unknown Source)
at org.openqa.selenium.support.ui.ExpectedConditions.elementIfVisible(ExpectedConditions.java:302)
at org.openqa.selenium.support.ui.ExpectedConditions.access$100(ExpectedConditions.java:41)
at org.openqa.selenium.support.ui.ExpectedConditions$10.apply(ExpectedConditions.java:288)
at org.openqa.selenium.support.ui.ExpectedConditions$10.apply(ExpectedConditions.java:285)
at org.openqa.selenium.support.ui.FluentWait.until(FluentWait.java:238)
at com.eagle.pages.Page.click(Page.java:45)
at com.eagle.pages.InvestigationPage.clickInvestigationIcon(InvestigationPage.java:35)
at com.eagle.pages.InvestigationPage.createInvestigation(InvestigationPage.java:55)
at com.eagle.TestCases.InvestigationTest.test_CreateInvestigation_Correct(InvestigationTest.java:25)
at java.base/jdk.internal.reflect.NativeMethodAccessorImpl.invoke0(Native Method)
at java.base/jdk.internal.reflect.NativeMethodAccessorImpl.invoke(NativeMethodAccessorImpl.java:64)
at java.base/jdk.internal.reflect.DelegatingMethodAccessorImpl.invoke(DelegatingMethodAccessorImpl.java:43)
at java.base/java.lang.reflect.Method.invoke(Method.java:564)
at org.testng.internal.MethodInvocationHelper.invokeMethod(MethodInvocationHelper.java:133)
at org.testng.internal.TestInvoker.invokeMethod(TestInvoker.java:598)
at org.testng.internal.TestInvoker.invokeTestMethod(TestInvoker.java:173)
at org.testng.internal.MethodRunner.runInSequence(MethodRunner.java:46)
at org.testng.internal.TestInvoker$MethodInvocationAgent.invoke(TestInvoker.java:824)
at org.testng.internal.TestInvoker.invokeTestMethods(TestInvoker.java:146)
at org.testng.internal.TestMethodWorker.invokeTestMethods(TestMethodWorker.java:146)
at org.testng.internal.TestMethodWorker.run(TestMethodWorker.java:128)
at java.base/java.util.ArrayList.forEach(ArrayList.java:1511)
at org.testng.TestRunner.privateRun(TestRunner.java:794)
at org.testng.TestRunner.run(TestRunner.java:596)
at org.testng.SuiteRunner.runTest(SuiteRunner.java:377)
at org.testng.SuiteRunner.runSequentially(SuiteRunner.java:371)
at org.testng.SuiteRunner.privateRun(SuiteRunner.java:332)
at org.testng.SuiteRunner.run(SuiteRunner.java:276)
at org.testng.SuiteRunnerWorker.runSuite(SuiteRunnerWorker.java:53)
at org.testng.SuiteRunnerWorker.run(SuiteRunnerWorker.java:96)
at org.testng.TestNG.runSuitesSequentially(TestNG.java:1212)
at org.testng.TestNG.runSuitesLocally(TestNG.java:1134)
at org.testng.TestNG.runSuites(TestNG.java:1063)
at org.testng.TestNG.run(TestNG.java:1031)
at org.testng.remote.AbstractRemoteTestNG.run(AbstractRemoteTestNG.java:115)
at org.testng.remote.RemoteTestNG.initAndRun(RemoteTestNG.java:251)
at org.testng.remote.RemoteTestNG.main(RemoteTestNG.java:77)
]]>
    </error>
  </testcase> <!-- test_CreateInvestigation_Correct -->
  <system-out/>
</testsuite> <!-- com.eagle.TestCases.InvestigationTest -->
