<?xml version="1.0" encoding="UTF-8"?>
<!-- Generated by org.testng.reporters.JUnitReportReporter -->
<testsuite hostname="Mugunth-DESKTOP-8V8CNVQ" failures="0" tests="2" name="com.eagle.TestCases.SetTest" time="257.190" errors="0" timestamp="2022-01-06T12:05:33 IST" skipped="0">
  <testcase classname="com.eagle.TestCases.SetTest" name="SetExpandAddFromFile_Test" time="165.976"/>
  <system-out/>
  <testcase classname="com.eagle.TestCases.SetTest" name="DeleteCardInSetExpand_Test" time="91.214"/>
  <system-out/>
</testsuite> <!-- com.eagle.TestCases.SetTest -->
