<?xml version="1.0" encoding="UTF-8"?>
<!-- Generated by org.testng.reporters.JUnitReportReporter -->
<testsuite hostname="Mugunth-DESKTOP-8V8CNVQ" failures="0" tests="24" name="com.eagle.TestCases.ComparisonTest" time="91.448" errors="0" timestamp="2021-12-15T12:43:50 IST" skipped="0">
  <testcase classname="com.eagle.TestCases.ComparisonTest" name="CreateComparisonWithContol_Test" time="89.528"/>
  <system-out/>
  <testcase classname="com.eagle.TestCases.ComparisonTest" name="CreateComparisonFromSet_Test" time="0.077"/>
  <system-out/>
  <testcase classname="com.eagle.TestCases.ComparisonTest" name="CreateComparisonFromFile_Test" time="0.074"/>
  <system-out/>
  <testcase classname="com.eagle.TestCases.ComparisonTest" name="CreateComparisonWithContolandCase_Test" time="0.086"/>
  <system-out/>
  <testcase classname="com.eagle.TestCases.ComparisonTest" name="createComparisonWithControlandCaseRunComparison_Test" time="0.080"/>
  <system-out/>
  <testcase classname="com.eagle.TestCases.ComparisonTest" name="updateComparisonWithCaseCard_Test" time="0.080"/>
  <system-out/>
  <testcase classname="com.eagle.TestCases.ComparisonTest" name="SearchInComparisonExpand_Test" time="0.084"/>
  <system-out/>
  <testcase classname="com.eagle.TestCases.ComparisonTest" name="DeleteCardInComparisonExpand_Test" time="0.080"/>
  <system-out/>
  <testcase classname="com.eagle.TestCases.ComparisonTest" name="DeleteComparisonFirstCard_Test" time="0.078"/>
  <system-out/>
  <testcase classname="com.eagle.TestCases.ComparisonTest" name="DeleteComparisonSecondCard_Test" time="0.085"/>
  <system-out/>
  <testcase classname="com.eagle.TestCases.ComparisonTest" name="ComparisonExpandAddFromCatalog_Test" time="0.093"/>
  <system-out/>
  <testcase classname="com.eagle.TestCases.ComparisonTest" name="ComparisonExpandAddFromSet_Test" time="0.068"/>
  <system-out/>
  <testcase classname="com.eagle.TestCases.ComparisonTest" name="ComparisonExpandAddFromFile_Test" time="0.084"/>
  <system-out/>
  <testcase classname="com.eagle.TestCases.ComparisonTest" name="ComparisonCreateMultipleCaseCards_Test" time="0.080"/>
  <system-out/>
  <testcase classname="com.eagle.TestCases.ComparisonTest" name="ComparisonCreateMultipleCaseCardsRunComparison_Test" time="0.104"/>
  <system-out/>
  <testcase classname="com.eagle.TestCases.ComparisonTest" name="CreateAndDeleteComparison_Test" time="0.081"/>
  <system-out/>
  <testcase classname="com.eagle.TestCases.ComparisonTest" name="CreateAndShareComparison_Test" time="0.079"/>
  <system-out/>
  <testcase classname="com.eagle.TestCases.ComparisonTest" name="DeleteComparison_Test" time="0.082"/>
  <system-out/>
  <testcase classname="com.eagle.TestCases.ComparisonTest" name="ShareComparison_Test" time="0.082"/>
  <system-out/>
  <testcase classname="com.eagle.TestCases.ComparisonTest" name="RemoveItemsfromComparison_Test" time="0.111"/>
  <system-out/>
  <testcase classname="com.eagle.TestCases.ComparisonTest" name="ChangeControlAndCase_Test" time="0.070"/>
  <system-out/>
  <testcase classname="com.eagle.TestCases.ComparisonTest" name="SortColumnComparison_Test" time="0.105"/>
  <system-out/>
  <testcase classname="com.eagle.TestCases.ComparisonTest" name="FilterComparison_Test" time="0.079"/>
  <system-out/>
  <testcase classname="com.eagle.TestCases.ComparisonTest" name="FilterMultiComparison_Test" time="0.078"/>
  <system-out/>
</testsuite> <!-- com.eagle.TestCases.ComparisonTest -->
