<?xml version="1.0" encoding="UTF-8"?>
<!-- Generated by org.testng.reporters.JUnitReportReporter -->
<testsuite hostname="Mugunth-DESKTOP-8V8CNVQ" failures="0" tests="2" name="com.eagle.TestCases.AnalysisTest" time="20.612" errors="0" timestamp="2022-02-14T20:17:50 IST" skipped="0">
  <testcase classname="com.eagle.TestCases.AnalysisTest" name="VerifyNumericalValueAnalysis_Test" time="12.114"/>
  <system-out/>
  <testcase classname="com.eagle.TestCases.AnalysisTest" name="VerifyCategoticalValueAnalysis_Test" time="8.498"/>
  <system-out/>
</testsuite> <!-- com.eagle.TestCases.AnalysisTest -->
