<?xml version="1.0" encoding="UTF-8"?>
<!-- Generated by org.testng.reporters.JUnitReportReporter -->
<testsuite hostname="QA-team" failures="0" tests="1" name="com.eagle.TestCases.LoginTest" time="50.383" errors="0" timestamp="2022-04-26T08:45:40 UTC" skipped="0">
  <testcase classname="com.eagle.TestCases.LoginTest" name="VerifyLoginPage_Test" time="50.383"/>
  <system-out/>
</testsuite> <!-- com.eagle.TestCases.LoginTest -->
