<?xml version="1.0" encoding="UTF-8"?>
<!-- Generated by org.testng.reporters.JUnitReportReporter -->
<testsuite hostname="Divya-Devanathan" failures="0" tests="1" name="com.eagle.TestCases.LoginTest" time="37.839" errors="0" timestamp="2021-11-30T09:57:21 IST" skipped="0">
  <testcase classname="com.eagle.TestCases.LoginTest" name="VerifyLoginPage_Test" time="37.839"/>
  <system-out/>
</testsuite> <!-- com.eagle.TestCases.LoginTest -->
