<?xml version="1.0" encoding="UTF-8"?>
<!-- Generated by org.testng.reporters.JUnitReportReporter -->
<testsuite hostname="Mugunth-DESKTOP-8V8CNVQ" failures="0" tests="19" name="com.eagle.TestCases.SetTest" time="2.380" errors="1" timestamp="2021-12-14T00:42:54 IST" skipped="18">
  <testcase classname="com.eagle.TestCases.SetTest" name="CreateSet_Test" time="0.000">
    <skipped/>
  </testcase> <!-- CreateSet_Test -->
  <system-out/>
  <testcase classname="com.eagle.TestCases.SetTest" name="beforeClass" time="2.380">
    <error message="element click intercepted: Element &lt;i data-icon-name=&quot;DocumentSet&quot; role=&quot;presentation&quot; aria-hidden=&quot;true&quot; class=&quot;ms-Icon root-37 css-59 ms-Button-icon icon-50&quot; style=&quot;font-family: FabricMDL2Icons-7;&quot;&gt;...&lt;/i&gt; is not clickable at point (30, 415). Other element would receive the click: &lt;div class=&quot;ms-Overlay root-145&quot;&gt;&lt;/div&gt;
  (Session info: chrome=96.0.4664.93)
Build info: version: &#039;3.141.59&#039;, revision: &#039;e82be7d358&#039;, time: &#039;2018-11-14T08:17:03&#039;
System info: host: &#039;MUGUNTH-DESKTOP&#039;, ip: &#039;172.17.200.17&#039;, os.name: &#039;Windows 10&#039;, os.arch: &#039;amd64&#039;, os.version: &#039;10.0&#039;, java.version: &#039;15.0.2&#039;
Driver info: org.openqa.selenium.chrome.ChromeDriver
Capabilities {acceptInsecureCerts: false, browserName: chrome, browserVersion: 96.0.4664.93, chrome: {chromedriverVersion: 96.0.4664.45 (76e4c1bb2ab46..., userDataDir: C:\Users\MUGUNT~1\AppData\L...}, goog:chromeOptions: {debuggerAddress: localhost:56137}, javascriptEnabled: true, networkConnectionEnabled: false, pageLoadStrategy: normal, platform: WINDOWS, platformName: WINDOWS, proxy: Proxy(), setWindowRect: true, strictFileInteractability: false, timeouts: {implicit: 0, pageLoad: 300000, script: 30000}, unhandledPromptBehavior: dismiss and notify, webauthn:extension:credBlob: true, webauthn:extension:largeBlob: true, webauthn:virtualAuthenticators: true}
Session ID: 61937378231ae9aea83a164a38cd15cf" type="org.openqa.selenium.ElementClickInterceptedException">
      <![CDATA[org.openqa.selenium.ElementClickInterceptedException: element click intercepted: Element <i data-icon-name="DocumentSet" role="presentation" aria-hidden="true" class="ms-Icon root-37 css-59 ms-Button-icon icon-50" style="font-family: FabricMDL2Icons-7;">...</i> is not clickable at point (30, 415). Other element would receive the click: <div class="ms-Overlay root-145"></div>
  (Session info: chrome=96.0.4664.93)
Build info: version: '3.141.59', revision: 'e82be7d358', time: '2018-11-14T08:17:03'
System info: host: 'MUGUNTH-DESKTOP', ip: '172.17.200.17', os.name: 'Windows 10', os.arch: 'amd64', os.version: '10.0', java.version: '15.0.2'
Driver info: org.openqa.selenium.chrome.ChromeDriver
Capabilities {acceptInsecureCerts: false, browserName: chrome, browserVersion: 96.0.4664.93, chrome: {chromedriverVersion: 96.0.4664.45 (76e4c1bb2ab46..., userDataDir: C:\Users\MUGUNT~1\AppData\L...}, goog:chromeOptions: {debuggerAddress: localhost:56137}, javascriptEnabled: true, networkConnectionEnabled: false, pageLoadStrategy: normal, platform: WINDOWS, platformName: WINDOWS, proxy: Proxy(), setWindowRect: true, strictFileInteractability: false, timeouts: {implicit: 0, pageLoad: 300000, script: 30000}, unhandledPromptBehavior: dismiss and notify, webauthn:extension:credBlob: true, webauthn:extension:largeBlob: true, webauthn:virtualAuthenticators: true}
Session ID: 61937378231ae9aea83a164a38cd15cf
at java.base/jdk.internal.reflect.NativeConstructorAccessorImpl.newInstance0(Native Method)
at java.base/jdk.internal.reflect.NativeConstructorAccessorImpl.newInstance(NativeConstructorAccessorImpl.java:64)
at java.base/jdk.internal.reflect.DelegatingConstructorAccessorImpl.newInstance(DelegatingConstructorAccessorImpl.java:45)
at java.base/java.lang.reflect.Constructor.newInstanceWithCaller(Constructor.java:500)
at java.base/java.lang.reflect.Constructor.newInstance(Constructor.java:481)
at org.openqa.selenium.remote.http.W3CHttpResponseCodec.createException(W3CHttpResponseCodec.java:187)
at org.openqa.selenium.remote.http.W3CHttpResponseCodec.decode(W3CHttpResponseCodec.java:122)
at org.openqa.selenium.remote.http.W3CHttpResponseCodec.decode(W3CHttpResponseCodec.java:49)
at org.openqa.selenium.remote.HttpCommandExecutor.execute(HttpCommandExecutor.java:158)
at org.openqa.selenium.remote.service.DriverCommandExecutor.execute(DriverCommandExecutor.java:83)
at org.openqa.selenium.remote.RemoteWebDriver.execute(RemoteWebDriver.java:552)
at org.openqa.selenium.remote.RemoteWebElement.execute(RemoteWebElement.java:285)
at org.openqa.selenium.remote.RemoteWebElement.click(RemoteWebElement.java:84)
at jdk.internal.reflect.GeneratedMethodAccessor2.invoke(Unknown Source)
at java.base/jdk.internal.reflect.DelegatingMethodAccessorImpl.invoke(DelegatingMethodAccessorImpl.java:43)
at java.base/java.lang.reflect.Method.invoke(Method.java:564)
at org.openqa.selenium.support.pagefactory.internal.LocatingElementHandler.invoke(LocatingElementHandler.java:51)
at com.sun.proxy.$Proxy12.click(Unknown Source)
at com.eagle.pages.BasePage.click(BasePage.java:55)
at com.eagle.pages.SetPage.<init>(SetPage.java:292)
at com.eagle.TestCases.SetTest.beforeClass(SetTest.java:27)
at java.base/jdk.internal.reflect.NativeMethodAccessorImpl.invoke0(Native Method)
at java.base/jdk.internal.reflect.NativeMethodAccessorImpl.invoke(NativeMethodAccessorImpl.java:64)
at java.base/jdk.internal.reflect.DelegatingMethodAccessorImpl.invoke(DelegatingMethodAccessorImpl.java:43)
at java.base/java.lang.reflect.Method.invoke(Method.java:564)
at org.testng.internal.MethodInvocationHelper.invokeMethod(MethodInvocationHelper.java:133)
at org.testng.internal.MethodInvocationHelper.invokeMethodConsideringTimeout(MethodInvocationHelper.java:62)
at org.testng.internal.ConfigInvoker.invokeConfigurationMethod(ConfigInvoker.java:385)
at org.testng.internal.ConfigInvoker.invokeConfigurations(ConfigInvoker.java:321)
at org.testng.internal.TestMethodWorker.invokeBeforeClassMethods(TestMethodWorker.java:176)
at org.testng.internal.TestMethodWorker.run(TestMethodWorker.java:122)
at java.base/java.util.ArrayList.forEach(ArrayList.java:1511)
at org.testng.TestRunner.privateRun(TestRunner.java:794)
at org.testng.TestRunner.run(TestRunner.java:596)
at org.testng.SuiteRunner.runTest(SuiteRunner.java:377)
at org.testng.SuiteRunner.runSequentially(SuiteRunner.java:371)
at org.testng.SuiteRunner.privateRun(SuiteRunner.java:332)
at org.testng.SuiteRunner.run(SuiteRunner.java:276)
at org.testng.SuiteRunnerWorker.runSuite(SuiteRunnerWorker.java:53)
at org.testng.SuiteRunnerWorker.run(SuiteRunnerWorker.java:96)
at org.testng.TestNG.runSuitesSequentially(TestNG.java:1212)
at org.testng.TestNG.runSuitesLocally(TestNG.java:1134)
at org.testng.TestNG.runSuites(TestNG.java:1063)
at org.testng.TestNG.run(TestNG.java:1031)
at org.testng.remote.AbstractRemoteTestNG.run(AbstractRemoteTestNG.java:115)
at org.testng.remote.RemoteTestNG.initAndRun(RemoteTestNG.java:251)
at org.testng.remote.RemoteTestNG.main(RemoteTestNG.java:77)
]]>
    </error>
  </testcase> <!-- beforeClass -->
  <system-out/>
  <testcase classname="com.eagle.TestCases.SetTest" name="ViewSet_Test" time="0.000">
    <skipped/>
  </testcase> <!-- ViewSet_Test -->
  <system-out/>
  <testcase classname="com.eagle.TestCases.SetTest" name="CreateSetFromFile_Test" time="0.000">
    <skipped/>
  </testcase> <!-- CreateSetFromFile_Test -->
  <system-out/>
  <testcase classname="com.eagle.TestCases.SetTest" name="CreateSetFromSet_Test" time="0.000">
    <skipped/>
  </testcase> <!-- CreateSetFromSet_Test -->
  <system-out/>
  <testcase classname="com.eagle.TestCases.SetTest" name="SearchInSetExpand_Test" time="0.000">
    <skipped/>
  </testcase> <!-- SearchInSetExpand_Test -->
  <system-out/>
  <testcase classname="com.eagle.TestCases.SetTest" name="SetExpandAddFromCatalog_Test" time="0.000">
    <skipped/>
  </testcase> <!-- SetExpandAddFromCatalog_Test -->
  <system-out/>
  <testcase classname="com.eagle.TestCases.SetTest" name="SetExpandAddFromSet_Test" time="0.000">
    <skipped/>
  </testcase> <!-- SetExpandAddFromSet_Test -->
  <system-out/>
  <testcase classname="com.eagle.TestCases.SetTest" name="SetExpandAddFromFile_Test" time="0.000">
    <skipped/>
  </testcase> <!-- SetExpandAddFromFile_Test -->
  <system-out/>
  <testcase classname="com.eagle.TestCases.SetTest" name="DeleteCardInSetExpand_Test" time="0.000">
    <skipped/>
  </testcase> <!-- DeleteCardInSetExpand_Test -->
  <system-out/>
  <testcase classname="com.eagle.TestCases.SetTest" name="RemoveItemsfromSet_Test" time="0.000">
    <skipped/>
  </testcase> <!-- RemoveItemsfromSet_Test -->
  <system-out/>
  <testcase classname="com.eagle.TestCases.SetTest" name="GridChangesInSet_Test" time="0.000">
    <skipped/>
  </testcase> <!-- GridChangesInSet_Test -->
  <system-out/>
  <testcase classname="com.eagle.TestCases.SetTest" name="CreateAndDeleteSet_Test" time="0.000">
    <skipped/>
  </testcase> <!-- CreateAndDeleteSet_Test -->
  <system-out/>
  <testcase classname="com.eagle.TestCases.SetTest" name="CreateAndShareSet_Test" time="0.000">
    <skipped/>
  </testcase> <!-- CreateAndShareSet_Test -->
  <system-out/>
  <testcase classname="com.eagle.TestCases.SetTest" name="DeleteSet_Test" time="0.000">
    <skipped/>
  </testcase> <!-- DeleteSet_Test -->
  <system-out/>
  <testcase classname="com.eagle.TestCases.SetTest" name="ShareSet_Test" time="0.000">
    <skipped/>
  </testcase> <!-- ShareSet_Test -->
  <system-out/>
  <testcase classname="com.eagle.TestCases.SetTest" name="SortColumnSet_Test" time="0.000">
    <skipped/>
  </testcase> <!-- SortColumnSet_Test -->
  <system-out/>
  <testcase classname="com.eagle.TestCases.SetTest" name="FilterSet_Test" time="0.000">
    <skipped/>
  </testcase> <!-- FilterSet_Test -->
  <system-out/>
  <testcase classname="com.eagle.TestCases.SetTest" name="FilterMultiSet_Test" time="0.000">
    <skipped/>
  </testcase> <!-- FilterMultiSet_Test -->
  <system-out/>
</testsuite> <!-- com.eagle.TestCases.SetTest -->
