<?xml version="1.0" encoding="UTF-8"?>
<!-- Generated by org.testng.reporters.JUnitReportReporter -->
<testsuite hostname="Mugunth-DESKTOP-8V8CNVQ" failures="0" tests="1" name="com.eagle.TestCases.ComparisonTest" time="222.821" errors="0" timestamp="2022-02-10T13:14:25 IST" skipped="0">
  <testcase classname="com.eagle.TestCases.ComparisonTest" name="ComparisonExpandAddFromSet_Test" time="222.821"/>
  <system-out/>
</testsuite> <!-- com.eagle.TestCases.ComparisonTest -->
