<?xml version="1.0" encoding="UTF-8"?>
<!-- Generated by org.testng.reporters.JUnitReportReporter -->
<testsuite hostname="Divya-Devanathan" failures="0" tests="1" name="com.eagle.TestCases.LogoutTest" time="4.354" errors="0" timestamp="2021-11-15T13:31:09 IST" skipped="0">
  <testcase classname="com.eagle.TestCases.LogoutTest" name="VerifyLogout_Test" time="4.354"/>
  <system-out/>
</testsuite> <!-- com.eagle.TestCases.LogoutTest -->
