<?xml version="1.0" encoding="UTF-8"?>
<!-- Generated by org.testng.reporters.JUnitReportReporter -->
<testsuite hostname="Divya-Devanathan" failures="0" tests="1" name="com.eagle.TestCases.LoginTest" time="17.095" errors="0" timestamp="2021-10-26T16:25:04 IST" skipped="0">
  <testcase classname="com.eagle.TestCases.LoginTest" name="VerifyLoginPage" time="17.095"/>
  <system-out/>
</testsuite> <!-- com.eagle.TestCases.LoginTest -->
