<?xml version="1.0" encoding="UTF-8"?>
<!-- Generated by org.testng.reporters.JUnitReportReporter -->
<testsuite hostname="Mugunth-DESKTOP-8V8CNVQ" failures="0" tests="1" name="com.eagle.TestCases.ExplorationTest" time="1104.711" errors="0" timestamp="2021-12-08T16:27:40 IST" skipped="0">
  <testcase classname="com.eagle.TestCases.ExplorationTest" name="ExplorationExpandAddFromFile_Test" time="1104.711"/>
  <system-out/>
</testsuite> <!-- com.eagle.TestCases.ExplorationTest -->
