<?xml version="1.0" encoding="UTF-8"?>
<!-- Generated by org.testng.reporters.JUnitReportReporter -->
<testsuite hostname="Mugunth-DESKTOP-8V8CNVQ" failures="0" tests="1" name="com.eagle.TestCases.SetTest" time="373.206" errors="0" timestamp="2021-12-01T15:17:33 IST" skipped="0">
  <testcase classname="com.eagle.TestCases.SetTest" name="RemoveItemsfromSet_Test" time="373.206"/>
  <system-out/>
</testsuite> <!-- com.eagle.TestCases.SetTest -->
