<?xml version="1.0" encoding="UTF-8"?>
<!-- Generated by org.testng.reporters.JUnitReportReporter -->
<testsuite hostname="Mugunth-DESKTOP-8V8CNVQ" failures="0" tests="1" name="com.eagle.TestCases.SetTest" time="153.871" errors="0" timestamp="2021-11-17T13:17:50 IST" skipped="0">
  <testcase classname="com.eagle.TestCases.SetTest" name="SetExpandAddFromCatalog_Test" time="153.871"/>
  <system-out/>
</testsuite> <!-- com.eagle.TestCases.SetTest -->
