<?xml version="1.0" encoding="UTF-8"?>
<!-- Generated by org.testng.reporters.JUnitReportReporter -->
<testsuite hostname="Mugunth-DESKTOP-8V8CNVQ" failures="0" tests="1" name="com.eagle.TestCases.LoginTest" time="29.331" errors="0" timestamp="2021-11-11T18:09:34 IST" skipped="0">
  <testcase classname="com.eagle.TestCases.LoginTest" name="VerifyLoginPage_Test" time="29.331"/>
  <system-out/>
</testsuite> <!-- com.eagle.TestCases.LoginTest -->
