<?xml version="1.0" encoding="UTF-8"?>
<!-- Generated by org.testng.reporters.JUnitReportReporter -->
<testsuite hostname="Mugunth-DESKTOP-8V8CNVQ" failures="0" tests="1" name="com.eagle.TestCases.AnalysisTest" time="179.383" errors="0" timestamp="2022-04-26T17:50:48 IST" skipped="0">
  <testcase classname="com.eagle.TestCases.AnalysisTest" name="AnalysisNameAndDescEditInPage_Test" time="179.383"/>
  <system-out/>
</testsuite> <!-- com.eagle.TestCases.AnalysisTest -->
