<?xml version="1.0" encoding="UTF-8"?>
<!-- Generated by org.testng.reporters.JUnitReportReporter -->
<testsuite hostname="Mugunth-DESKTOP-8V8CNVQ" failures="0" tests="3" name="com.eagle.TestCases.HomeTest" time="185.469" errors="0" timestamp="2022-01-09T12:39:02 IST" skipped="0">
  <testcase classname="com.eagle.TestCases.HomeTest" name="VerifyContactHelpDesk_Test" time="15.734"/>
  <system-out/>
  <testcase classname="com.eagle.TestCases.HomeTest" name="VerifyUserManual_Test" time="77.336"/>
  <system-out/>
  <testcase classname="com.eagle.TestCases.HomeTest" name="VerifyFAQ_Test" time="92.399"/>
  <system-out/>
</testsuite> <!-- com.eagle.TestCases.HomeTest -->
